T6174 000:000.449   SEGGER J-Link V8.12f Log File
T6174 000:000.544   DLL Compiled: Feb 12 2025 13:34:40
T6174 000:000.550   Logging started @ 2025-07-30 11:22
T6174 000:000.555   Process: C:\Users\a8456\.eclipse\com.renesas.platform_1713588285\DebugComp\RA\e2-server-gdb.exe
T6174 000:000.564 - 0.561ms 
T6174 000:000.575 JLINK_GetDLLVersion()
T6174 000:000.581 - 0.006ms returns 81206
T6174 000:002.065 JLINK_OpenEx(...)
T6174 000:007.671   Firmware: J-Link V9 compiled May  7 2021 16:26:12
T6174 000:008.137   Firmware: J-Link V9 compiled May  7 2021 16:26:12
T6174 000:008.241   Decompressing FW timestamp took 90 us
T6174 000:013.709   Hardware: V9.60
T6174 000:013.742   S/N: 69660718
T6174 000:013.765   OEM: SEGGER
T6174 000:013.773   Feature(s): RDI, GDB, FlashDL, FlashBP, JFlash
T6174 000:014.266   Bootloader: (FW returned invalid version)
T6174 000:014.853   TELNET listener socket opened on port 19021
T6174 000:014.973   WEBSRV WEBSRV_Init(): Starting webserver thread(s)
T6174 000:015.106   WEBSRV Webserver running on local port 19080
T6174 000:015.208   Looking for J-Link GUI Server exe at: C:\Users\a8456\.eclipse\com.renesas.platform_1713588285\DebugComp\RA\ARM\Segger_v8.12.6\JLinkGUIServer.exe
T6174 000:015.281   Looking for J-Link GUI Server exe at: C:\Program Files\SEGGER\JLink_V818\JLinkGUIServer.exe
T6174 000:015.307   Forking J-Link GUI Server: C:\Program Files\SEGGER\JLink_V818\JLinkGUIServer.exe
T6174 000:113.426   J-Link GUI Server info: "J-Link GUI server V8.18 "
T6174 000:116.464 - 114.392ms returns "O.K."
T6174 000:116.586 JLINK_ExecCommand("ProjectFile=C:\Users\a8456\e2_studio\workspace\RA4M2_MINI_Project8/RA4M2_MINI_Project8.elf.jlink", ...). 
T6174 000:132.755 - 16.173ms returns 0x00
T6174 000:132.988 JLINK_ExecCommand("device=R7FA4M2AD", ...). 
T6174 000:133.808   Flash bank @ 0x0100A100: SFL: Parsing sectorization info from ELF file
T6174 000:133.832     FlashDevice.SectorInfo[0]: .SectorSize = 0x00000010, .SectorStartAddr = 0x00000000
T6174 000:133.840   FlashBank @0x0100A100: Sectorization info from SFL ELF file ignored because sectorization override from DLL / XML file is active.
T6174 000:134.020   Flash bank @ 0x60000000: SFL: Parsing sectorization info from ELF file
T6174 000:134.032     FlashDevice.SectorInfo[0]: .SectorSize = 0x00010000, .SectorStartAddr = 0x00000000
T6174 000:136.685   Device "R7FA4M2AD" selected.
T6174 000:137.016 - 4.018ms returns 0x00
T6174 000:137.029 JLINK_TIF_GetAvailable(...)
T6174 000:137.153 - 0.123ms 
T6174 000:137.169 JLINK_TIF_Select(JLINKARM_TIF_SWD)
T6174 000:137.581 - 0.411ms returns 0x00
T6174 000:137.590 JLINK_SetSpeed(4000)
T6174 000:137.670 - 0.081ms 
T6174 000:137.685 JLINK_ReadMem(0xE000EDF0, 0x4 Bytes, ...)
T6174 000:137.800   ConfigTargetSettings() start
T6174 000:137.811    J-Link Script File: Executing ConfigTargetSettings()
T6174 000:137.818   Configuring FlashDLNoRMWThreshold=0x200 in order to make sure that option bytes programming is done via read-modify-write
T6174 000:143.233   ConfigTargetSettings() end - Took 5.42ms
T6174 000:143.249   InitTarget() start
T6174 000:143.257    J-Link Script File: Executing InitTarget()
T6174 000:143.264   SWD selected. Executing JTAG -> SWD switching sequence.
T6174 000:144.742   DAP initialized successfully.
T6174 000:144.762   Determining TrustZone configuration...
T6174 000:145.425     Secure Debug: Enabled (SSD)
T6174 000:145.434   Determining currently configured transfer type by reading the AHB-AP CSW register.
T6174 000:145.993     --> Correct transfer type configured. Done.
T6174 000:146.003   InitTarget() end - Took 2.74ms
T6174 000:146.426   Found SW-DP with ID 0x6BA02477
T6174 000:147.974   DPIDR: 0x6BA02477
T6174 000:147.983   CoreSight SoC-400 or earlier
T6174 000:147.992   Scanning AP map to find all available APs
T6174 000:148.684   AP[2]: Stopped AP scan as end of AP map has been reached
T6174 000:148.729   AP[0]: AHB-AP (IDR: 0x84770001, ADDR: 0x00000000)
T6174 000:148.746   AP[1]: APB-AP (IDR: 0x54770002, ADDR: 0x01000000)
T6174 000:148.754   Iterating through AP map to find AHB-AP to use
T6174 000:149.456   AP[0]: Core found
T6174 000:149.469   AP[0]: AHB-AP ROM base: 0xE00FE000
T6174 000:149.821   CPUID register: 0x410FD214. Implementer code: 0x41 (ARM)
T6174 000:149.832   Feature set: Mainline
T6174 000:150.200   Cache: No cache
T6174 000:150.210   Found Cortex-M33 r0p4, Little endian.
T6174 000:150.433   -- Max. mem block: 0x00010A88
T6174 000:150.814   
  ***** Warning: 
T6174 000:150.823   Cortex-M (ARMv8-M and later): The connected J-Link (S/N 69660718) uses an old firmware module that does not handle I/D-cache correctly. Proper debugging functionality cannot be guaranteed if cache is enabled
T6174 000:150.835   CPU_ReadMem(4 bytes @ 0xE000EDF0)
T6174 000:151.066   CPU_WriteMem(4 bytes @ 0xE000EDF0)
T6174 000:151.300   CPU_ReadMem(4 bytes @ 0xE0002000)
T6174 000:151.517   FPUnit: 8 code (BP) slots and 0 literal slots
T6174 000:151.525   CPU_ReadMem(4 bytes @ 0xE000EDFC)
T6174 000:151.789   CPU_WriteMem(4 bytes @ 0xE000EDFC)
T6174 000:152.023   CPU_ReadMem(4 bytes @ 0xE0001000)
T6174 000:152.229   CPU_ReadMem(4 bytes @ 0xE0001000)
T6174 000:152.467   CPU_ReadMem(4 bytes @ 0xE0001028)
T6174 000:152.673   CPU_ReadMem(4 bytes @ 0xE0001038)
T6174 000:152.942   CPU_ReadMem(4 bytes @ 0xE0001048)
T6174 000:153.215   CPU_ReadMem(4 bytes @ 0xE0001058)
T6174 000:153.454   CPU_WriteMem(4 bytes @ 0xE0001000)
T6174 000:153.696   CPU_ReadMem(4 bytes @ 0xE000ED88)
T6174 000:153.971   CPU_WriteMem(4 bytes @ 0xE000ED88)
T6174 000:154.232   CPU_ReadMem(4 bytes @ 0xE000ED88)
T6174 000:154.465   CPU_WriteMem(4 bytes @ 0xE000ED88)
T6174 000:154.712   CPU_ReadMem(4 bytes @ 0xE000EFB8)
T6174 000:154.974   Security extension: implemented
T6174 000:154.992   Secure debug: enabled
T6174 000:155.007   CoreSight components:
T6174 000:155.021   ROMTbl[0] @ E00FE000
T6174 000:155.037   CPU_ReadMem(64 bytes @ 0xE00FE000)
T6174 000:155.652   CPU_ReadMem(32 bytes @ 0xE0044FE0)
T6174 000:156.034   CPU_ReadMem(4 bytes @ 0xE0044FBC)
T6174 000:156.258   CPU_ReadMem(4 bytes @ 0xE0044FCC)
T6174 000:156.505   [0][0]: E0044000 CID B105900D PID 005BB906 DEVARCH 00000000 DEVTYPE 14 CTI (?)
T6174 000:156.515   CPU_ReadMem(32 bytes @ 0xE0047FE0)
T6174 000:156.946   CPU_ReadMem(4 bytes @ 0xE0047FBC)
T6174 000:157.152   CPU_ReadMem(4 bytes @ 0xE0047FCC)
T6174 000:157.361   [0][1]: E0047000 CID B105900D PID 003BB908 DEVARCH 00000000 DEVTYPE 12 CSTF
T6174 000:157.370   CPU_ReadMem(32 bytes @ 0xE0048FE0)
T6174 000:157.703   CPU_ReadMem(4 bytes @ 0xE0048FBC)
T6174 000:157.934   CPU_ReadMem(4 bytes @ 0xE0048FCC)
T6174 000:158.154   [0][2]: E0048000 CID B105900D PID 001BB961 DEVARCH 00000000 DEVTYPE 21 TMC
T6174 000:158.171   CPU_ReadMem(32 bytes @ 0xE0049FE0)
T6174 000:158.531   [0][3]: E0049000 CID B105F00D PID 001BB101 TSG
T6174 000:158.542   CPU_ReadMem(32 bytes @ 0xE0040FE0)
T6174 000:158.969   CPU_ReadMem(4 bytes @ 0xE0040FBC)
T6174 000:159.252   CPU_ReadMem(4 bytes @ 0xE0040FCC)
T6174 000:159.535   [0][4]: E0040000 CID B105900D PID 000BBD21 DEVARCH 00000000 DEVTYPE 11 TPIU
T6174 000:159.562   CPU_ReadMem(32 bytes @ 0xE00FFFE0)
T6174 000:159.961   [0][5]: E00FF000 CID B105100D PID 000BB4C9 ROM Table
T6174 000:159.992   ROMTbl[1] @ E00FF000
T6174 000:160.009   CPU_ReadMem(64 bytes @ 0xE00FF000)
T6174 000:160.636   CPU_ReadMem(32 bytes @ 0xE000EFE0)
T6174 000:161.042   CPU_ReadMem(4 bytes @ 0xE000EFBC)
T6174 000:161.323   CPU_ReadMem(4 bytes @ 0xE000EFCC)
T6174 000:161.634   [1][0]: E000E000 CID B105900D PID 000BBD21 DEVARCH 47702A04 DEVTYPE 00 Cortex-M33
T6174 000:161.652   CPU_ReadMem(32 bytes @ 0xE0001FE0)
T6174 000:162.016   CPU_ReadMem(4 bytes @ 0xE0001FBC)
T6174 000:162.231   CPU_ReadMem(4 bytes @ 0xE0001FCC)
T6174 000:162.464   [1][1]: E0001000 CID B105900D PID 000BBD21 DEVARCH 47701A02 DEVTYPE 00 DWT
T6174 000:162.473   CPU_ReadMem(32 bytes @ 0xE0002FE0)
T6174 000:162.822   CPU_ReadMem(4 bytes @ 0xE0002FBC)
T6174 000:163.027   CPU_ReadMem(4 bytes @ 0xE0002FCC)
T6174 000:163.230   [1][2]: E0002000 CID B105900D PID 000BBD21 DEVARCH 47701A03 DEVTYPE 00 FPB
T6174 000:163.243   CPU_ReadMem(32 bytes @ 0xE0000FE0)
T6174 000:163.652   CPU_ReadMem(4 bytes @ 0xE0000FBC)
T6174 000:163.859   CPU_ReadMem(4 bytes @ 0xE0000FCC)
T6174 000:164.121   [1][3]: E0000000 CID B105900D PID 000BBD21 DEVARCH 47701A01 DEVTYPE 43 ITM
T6174 000:164.133   CPU_ReadMem(32 bytes @ 0xE0041FE0)
T6174 000:164.491   CPU_ReadMem(4 bytes @ 0xE0041FBC)
T6174 000:164.711   CPU_ReadMem(4 bytes @ 0xE0041FCC)
T6174 000:164.916   [1][5]: E0041000 CID B105900D PID 002BBD21 DEVARCH 47724A13 DEVTYPE 13 ETM
T6174 000:164.925   CPU_ReadMem(32 bytes @ 0xE0042FE0)
T6174 000:165.281   CPU_ReadMem(4 bytes @ 0xE0042FBC)
T6174 000:165.497   CPU_ReadMem(4 bytes @ 0xE0042FCC)
T6174 000:165.698   [1][6]: E0042000 CID B105900D PID 000BBD21 DEVARCH 47701A14 DEVTYPE 14 CSS600-CTI
T6174 000:165.735   CPU_ReadMem(4 bytes @ 0xE000EDF0)
T6174 000:165.967   Data:  01 00 10 01
T6174 000:165.975   Debug reg: DHCSR
T6174 000:165.984 - 28.299ms returns 0
T6174 000:166.021 JLINK_ReadMem(0x400E002C, 0x4 Bytes, ...)
T6174 000:166.028   CPU_ReadMem(4 bytes @ 0x400E002C)
T6174 000:166.236   Data:  01 00 00 00
T6174 000:166.244 - 0.222ms returns 0
T6174 000:166.267 JLINK_ReadMem(0xE000EDF0, 0x4 Bytes, ...)
T6174 000:166.274   CPU_ReadMem(4 bytes @ 0xE000EDF0)
T6174 000:166.479   Data:  01 00 10 01
T6174 000:166.488   Debug reg: DHCSR
T6174 000:166.495 - 0.228ms returns 0
T6174 000:166.518 JLINK_ReadMem(0xE000EDF0, 0x4 Bytes, ...)
T6174 000:166.524   CPU_ReadMem(4 bytes @ 0xE000EDF0)
T6174 000:166.789   Data:  01 00 10 01
T6174 000:166.800   Debug reg: DHCSR
T6174 000:166.808 - 0.290ms returns 0
T6174 000:166.815 JLINK_ReadMem(0x400E001C, 0x4 Bytes, ...)
T6174 000:166.821   CPU_ReadMem(4 bytes @ 0x400E001C)
T6174 000:167.027   Data:  00 FC FF 00
T6174 000:167.035 - 0.220ms returns 0
T6174 000:167.044 JLINK_ReadMem(0xE000EDF0, 0x4 Bytes, ...)
T6174 000:167.050   CPU_ReadMem(4 bytes @ 0xE000EDF0)
T6174 000:167.257   Data:  01 00 10 01
T6174 000:167.265   Debug reg: DHCSR
T6174 000:167.273 - 0.229ms returns 0
T6174 000:167.280 JLINK_ReadMem(0x400E0018, 0x4 Bytes, ...)
T6174 000:167.286   CPU_ReadMem(4 bytes @ 0x400E0018)
T6174 000:167.495   Data:  00 80 FF 00
T6174 000:167.503 - 0.223ms returns 0
T6174 000:167.511 JLINK_ReadMem(0xE000EDF0, 0x4 Bytes, ...)
T6174 000:167.517   CPU_ReadMem(4 bytes @ 0xE000EDF0)
T6174 000:167.715   Data:  01 00 10 01
T6174 000:167.723   Debug reg: DHCSR
T6174 000:167.731 - 0.219ms returns 0
T6174 000:167.737 JLINK_ReadMem(0x400E0020, 0x4 Bytes, ...)
T6174 000:167.743   CPU_ReadMem(4 bytes @ 0x400E0020)
T6174 000:167.946   Data:  00 FC 00 00
T6174 000:167.955 - 0.217ms returns 0
T6174 000:167.963 JLINK_ReadMem(0xE000EDF0, 0x4 Bytes, ...)
T6174 000:167.969   CPU_ReadMem(4 bytes @ 0xE000EDF0)
T6174 000:168.173   Data:  01 00 10 01
T6174 000:168.182   Debug reg: DHCSR
T6174 000:168.189 - 0.226ms returns 0
T6174 000:168.196 JLINK_ReadMem(0x400E0028, 0x4 Bytes, ...)
T6174 000:168.202   CPU_ReadMem(4 bytes @ 0x400E0028)
T6174 000:168.425   Data:  00 FC 1F 00
T6174 000:168.433 - 0.237ms returns 0
T6174 000:168.441 JLINK_ReadMem(0xE000EDF0, 0x4 Bytes, ...)
T6174 000:168.447   CPU_ReadMem(4 bytes @ 0xE000EDF0)
T6174 000:168.679   Data:  01 00 10 01
T6174 000:168.701   Debug reg: DHCSR
T6174 000:168.710 - 0.268ms returns 0
T6174 000:168.719 JLINK_ReadMem(0x400E0024, 0x4 Bytes, ...)
T6174 000:168.730   CPU_ReadMem(4 bytes @ 0x400E0024)
T6174 000:168.960   Data:  00 E0 1F 00
T6174 000:168.998 - 0.279ms returns 0
T6174 000:169.024 JLINK_ReadMem(0xE000EDF0, 0x4 Bytes, ...)
T6174 000:169.033   CPU_ReadMem(4 bytes @ 0xE000EDF0)
T6174 000:169.277   Data:  01 00 10 01
T6174 000:169.291   Debug reg: DHCSR
T6174 000:169.300 - 0.276ms returns 0
T6174 000:169.308 JLINK_ReadMem(0x400E002C, 0x4 Bytes, ...)
T6174 000:169.316   CPU_ReadMem(4 bytes @ 0x400E002C)
T6174 000:169.636   Data:  01 00 00 00
T6174 000:169.650 - 0.341ms returns 0
T6174 000:171.663 JLINK_Close()
T6174 000:185.703 - 14.039ms
T6174 000:185.733   
T6174 000:185.739   Closed
