T3CB4 000:000.507   SEGGER J-Link V8.12f Log File
T3CB4 000:000.613   DLL Compiled: Feb 12 2025 13:34:40
T3CB4 000:000.627   Logging started @ 2025-07-30 16:55
T3CB4 000:000.641   Process: C:\Users\a8456\.eclipse\com.renesas.platform_1713588285\DebugComp\RA\e2-server-gdb.exe
T3CB4 000:000.658 - 0.654ms 
T3CB4 000:000.677 JLINK_GetDLLVersion()
T3CB4 000:000.690 - 0.013ms returns 81206
T3CB4 000:002.092 JLINK_OpenEx(...)
T3CB4 000:007.367   Firmware: J-Link V9 compiled May  7 2021 16:26:12
T3CB4 000:007.951   Firmware: J-Link V9 compiled May  7 2021 16:26:12
T3CB4 000:008.063   Decompressing FW timestamp took 87 us
T3CB4 000:013.642   Hardware: V9.60
T3CB4 000:013.687   S/N: 69660718
T3CB4 000:013.712   OEM: SEGGER
T3CB4 000:013.896   Feature(s): RDI, GDB, FlashDL, FlashBP, JFlash
T3CB4 000:014.342   Bootloader: (FW returned invalid version)
T3CB4 000:014.982   TELNET listener socket opened on port 19021
T3CB4 000:015.079   WEBSRV WEBSRV_Init(): Starting webserver thread(s)
T3CB4 000:015.202   WEBSRV Webserver running on local port 19080
T3CB4 000:015.301   Looking for J-Link GUI Server exe at: C:\Users\a8456\.eclipse\com.renesas.platform_1713588285\DebugComp\RA\ARM\Segger_v8.12.6\JLinkGUIServer.exe
T3CB4 000:015.376   Looking for J-Link GUI Server exe at: C:\Program Files\SEGGER\JLink_V818\JLinkGUIServer.exe
T3CB4 000:015.402   Forking J-Link GUI Server: C:\Program Files\SEGGER\JLink_V818\JLinkGUIServer.exe
T3CB4 000:112.169   J-Link GUI Server info: "J-Link GUI server V8.18 "
T3CB4 000:115.400 - 113.302ms returns "O.K."
T3CB4 000:115.510 JLINK_ExecCommand("ProjectFile=C:\Users\a8456\e2_studio\workspace\RA4M2_MINI_Project11/RA4M2_MINI_Project11.elf.jlink", ...). 
T3CB4 000:135.180 - 19.673ms returns 0x00
T3CB4 000:135.441 JLINK_ExecCommand("device=R7FA4M2AD", ...). 
T3CB4 000:135.595   Flash bank @ 0x0100A100: SFL: Parsing sectorization info from ELF file
T3CB4 000:135.610     FlashDevice.SectorInfo[0]: .SectorSize = 0x00000010, .SectorStartAddr = 0x00000000
T3CB4 000:135.622   FlashBank @0x0100A100: Sectorization info from SFL ELF file ignored because sectorization override from DLL / XML file is active.
T3CB4 000:135.848   Flash bank @ 0x60000000: SFL: Parsing sectorization info from ELF file
T3CB4 000:135.868     FlashDevice.SectorInfo[0]: .SectorSize = 0x00010000, .SectorStartAddr = 0x00000000
T3CB4 000:138.711   Device "R7FA4M2AD" selected.
T3CB4 000:139.098 - 3.645ms returns 0x00
T3CB4 000:139.114 JLINK_TIF_GetAvailable(...)
T3CB4 000:139.248 - 0.133ms 
T3CB4 000:139.266 JLINK_TIF_Select(JLINKARM_TIF_SWD)
T3CB4 000:139.679 - 0.412ms returns 0x00
T3CB4 000:139.692 JLINK_SetSpeed(4000)
T3CB4 000:139.757 - 0.066ms 
T3CB4 000:139.775 JLINK_ReadMem(0xE000EDF0, 0x4 Bytes, ...)
T3CB4 000:139.890   ConfigTargetSettings() start
T3CB4 000:139.901    J-Link Script File: Executing ConfigTargetSettings()
T3CB4 000:139.908   Configuring FlashDLNoRMWThreshold=0x200 in order to make sure that option bytes programming is done via read-modify-write
T3CB4 000:146.213   ConfigTargetSettings() end - Took 6.31ms
T3CB4 000:146.228   InitTarget() start
T3CB4 000:146.237    J-Link Script File: Executing InitTarget()
T3CB4 000:146.245   SWD selected. Executing JTAG -> SWD switching sequence.
T3CB4 000:147.696   DAP initialized successfully.
T3CB4 000:147.713   Determining TrustZone configuration...
T3CB4 000:148.464     Secure Debug: Enabled (SSD)
T3CB4 000:148.475   Determining currently configured transfer type by reading the AHB-AP CSW register.
T3CB4 000:148.909     --> Correct transfer type configured. Done.
T3CB4 000:148.921   InitTarget() end - Took 2.68ms
T3CB4 000:149.412   Found SW-DP with ID 0x6BA02477
T3CB4 000:151.258   DPIDR: 0x6BA02477
T3CB4 000:151.275   CoreSight SoC-400 or earlier
T3CB4 000:151.289   Scanning AP map to find all available APs
T3CB4 000:151.961   AP[2]: Stopped AP scan as end of AP map has been reached
T3CB4 000:151.993   AP[0]: AHB-AP (IDR: 0x84770001, ADDR: 0x00000000)
T3CB4 000:152.009   AP[1]: APB-AP (IDR: 0x54770002, ADDR: 0x01000000)
T3CB4 000:152.025   Iterating through AP map to find AHB-AP to use
T3CB4 000:152.913   AP[0]: Core found
T3CB4 000:152.990   AP[0]: AHB-AP ROM base: 0xE00FE000
T3CB4 000:153.396   CPUID register: 0x410FD214. Implementer code: 0x41 (ARM)
T3CB4 000:153.420   Feature set: Mainline
T3CB4 000:153.805   Cache: No cache
T3CB4 000:153.833   Found Cortex-M33 r0p4, Little endian.
T3CB4 000:154.064   -- Max. mem block: 0x00010A88
T3CB4 000:154.598   
  ***** Warning: 
T3CB4 000:154.613   Cortex-M (ARMv8-M and later): The connected J-Link (S/N 69660718) uses an old firmware module that does not handle I/D-cache correctly. Proper debugging functionality cannot be guaranteed if cache is enabled
T3CB4 000:154.628   CPU_ReadMem(4 bytes @ 0xE000EDF0)
T3CB4 000:154.833   CPU_WriteMem(4 bytes @ 0xE000EDF0)
T3CB4 000:155.058   CPU_ReadMem(4 bytes @ 0xE0002000)
T3CB4 000:155.294   FPUnit: 8 code (BP) slots and 0 literal slots
T3CB4 000:155.304   CPU_ReadMem(4 bytes @ 0xE000EDFC)
T3CB4 000:155.521   CPU_WriteMem(4 bytes @ 0xE000EDFC)
T3CB4 000:155.749   CPU_ReadMem(4 bytes @ 0xE0001000)
T3CB4 000:155.981   CPU_ReadMem(4 bytes @ 0xE0001000)
T3CB4 000:156.227   CPU_ReadMem(4 bytes @ 0xE0001028)
T3CB4 000:156.465   CPU_ReadMem(4 bytes @ 0xE0001038)
T3CB4 000:156.664   CPU_ReadMem(4 bytes @ 0xE0001048)
T3CB4 000:156.894   CPU_ReadMem(4 bytes @ 0xE0001058)
T3CB4 000:157.105   CPU_WriteMem(4 bytes @ 0xE0001000)
T3CB4 000:157.354   CPU_ReadMem(4 bytes @ 0xE000ED88)
T3CB4 000:157.641   CPU_WriteMem(4 bytes @ 0xE000ED88)
T3CB4 000:157.866   CPU_ReadMem(4 bytes @ 0xE000ED88)
T3CB4 000:158.105   CPU_WriteMem(4 bytes @ 0xE000ED88)
T3CB4 000:158.355   CPU_ReadMem(4 bytes @ 0xE000EFB8)
T3CB4 000:158.642   Security extension: implemented
T3CB4 000:158.652   Secure debug: enabled
T3CB4 000:158.660   CoreSight components:
T3CB4 000:158.668   ROMTbl[0] @ E00FE000
T3CB4 000:158.676   CPU_ReadMem(64 bytes @ 0xE00FE000)
T3CB4 000:159.182   CPU_ReadMem(32 bytes @ 0xE0044FE0)
T3CB4 000:159.540   CPU_ReadMem(4 bytes @ 0xE0044FBC)
T3CB4 000:159.747   CPU_ReadMem(4 bytes @ 0xE0044FCC)
T3CB4 000:160.020   [0][0]: E0044000 CID B105900D PID 005BB906 DEVARCH 00000000 DEVTYPE 14 CTI (?)
T3CB4 000:160.035   CPU_ReadMem(32 bytes @ 0xE0047FE0)
T3CB4 000:160.394   CPU_ReadMem(4 bytes @ 0xE0047FBC)
T3CB4 000:160.642   CPU_ReadMem(4 bytes @ 0xE0047FCC)
T3CB4 000:160.890   [0][1]: E0047000 CID B105900D PID 003BB908 DEVARCH 00000000 DEVTYPE 12 CSTF
T3CB4 000:160.901   CPU_ReadMem(32 bytes @ 0xE0048FE0)
T3CB4 000:161.266   CPU_ReadMem(4 bytes @ 0xE0048FBC)
T3CB4 000:161.492   CPU_ReadMem(4 bytes @ 0xE0048FCC)
T3CB4 000:161.719   [0][2]: E0048000 CID B105900D PID 001BB961 DEVARCH 00000000 DEVTYPE 21 TMC
T3CB4 000:161.727   CPU_ReadMem(32 bytes @ 0xE0049FE0)
T3CB4 000:162.085   [0][3]: E0049000 CID B105F00D PID 001BB101 TSG
T3CB4 000:162.093   CPU_ReadMem(32 bytes @ 0xE0040FE0)
T3CB4 000:162.491   CPU_ReadMem(4 bytes @ 0xE0040FBC)
T3CB4 000:162.715   CPU_ReadMem(4 bytes @ 0xE0040FCC)
T3CB4 000:162.922   [0][4]: E0040000 CID B105900D PID 000BBD21 DEVARCH 00000000 DEVTYPE 11 TPIU
T3CB4 000:162.931   CPU_ReadMem(32 bytes @ 0xE00FFFE0)
T3CB4 000:163.288   [0][5]: E00FF000 CID B105100D PID 000BB4C9 ROM Table
T3CB4 000:163.296   ROMTbl[1] @ E00FF000
T3CB4 000:163.304   CPU_ReadMem(64 bytes @ 0xE00FF000)
T3CB4 000:163.811   CPU_ReadMem(32 bytes @ 0xE000EFE0)
T3CB4 000:164.162   CPU_ReadMem(4 bytes @ 0xE000EFBC)
T3CB4 000:164.389   CPU_ReadMem(4 bytes @ 0xE000EFCC)
T3CB4 000:164.641   [1][0]: E000E000 CID B105900D PID 000BBD21 DEVARCH 47702A04 DEVTYPE 00 Cortex-M33
T3CB4 000:164.649   CPU_ReadMem(32 bytes @ 0xE0001FE0)
T3CB4 000:164.983   CPU_ReadMem(4 bytes @ 0xE0001FBC)
T3CB4 000:165.192   CPU_ReadMem(4 bytes @ 0xE0001FCC)
T3CB4 000:165.465   [1][1]: E0001000 CID B105900D PID 000BBD21 DEVARCH 47701A02 DEVTYPE 00 DWT
T3CB4 000:165.474   CPU_ReadMem(32 bytes @ 0xE0002FE0)
T3CB4 000:165.834   CPU_ReadMem(4 bytes @ 0xE0002FBC)
T3CB4 000:166.069   CPU_ReadMem(4 bytes @ 0xE0002FCC)
T3CB4 000:166.318   [1][2]: E0002000 CID B105900D PID 000BBD21 DEVARCH 47701A03 DEVTYPE 00 FPB
T3CB4 000:166.362   CPU_ReadMem(32 bytes @ 0xE0000FE0)
T3CB4 000:166.786   CPU_ReadMem(4 bytes @ 0xE0000FBC)
T3CB4 000:167.018   CPU_ReadMem(4 bytes @ 0xE0000FCC)
T3CB4 000:167.240   [1][3]: E0000000 CID B105900D PID 000BBD21 DEVARCH 47701A01 DEVTYPE 43 ITM
T3CB4 000:167.249   CPU_ReadMem(32 bytes @ 0xE0041FE0)
T3CB4 000:167.608   CPU_ReadMem(4 bytes @ 0xE0041FBC)
T3CB4 000:167.816   CPU_ReadMem(4 bytes @ 0xE0041FCC)
T3CB4 000:168.016   [1][5]: E0041000 CID B105900D PID 002BBD21 DEVARCH 47724A13 DEVTYPE 13 ETM
T3CB4 000:168.026   CPU_ReadMem(32 bytes @ 0xE0042FE0)
T3CB4 000:168.358   CPU_ReadMem(4 bytes @ 0xE0042FBC)
T3CB4 000:168.641   CPU_ReadMem(4 bytes @ 0xE0042FCC)
T3CB4 000:168.864   [1][6]: E0042000 CID B105900D PID 000BBD21 DEVARCH 47701A14 DEVTYPE 14 CSS600-CTI
T3CB4 000:168.903   CPU_ReadMem(4 bytes @ 0xE000EDF0)
T3CB4 000:169.115   Data:  01 00 10 01
T3CB4 000:169.126   Debug reg: DHCSR
T3CB4 000:169.134 - 29.359ms returns 0
T3CB4 000:169.167 JLINK_ReadMem(0x400E002C, 0x4 Bytes, ...)
T3CB4 000:169.175   CPU_ReadMem(4 bytes @ 0x400E002C)
T3CB4 000:169.464   Data:  01 00 00 00
T3CB4 000:169.473 - 0.306ms returns 0
T3CB4 000:169.496 JLINK_ReadMem(0xE000EDF0, 0x4 Bytes, ...)
T3CB4 000:169.503   CPU_ReadMem(4 bytes @ 0xE000EDF0)
T3CB4 000:169.726   Data:  01 00 10 01
T3CB4 000:169.735   Debug reg: DHCSR
T3CB4 000:169.742 - 0.246ms returns 0
T3CB4 000:169.764 JLINK_ReadMem(0xE000EDF0, 0x4 Bytes, ...)
T3CB4 000:169.770   CPU_ReadMem(4 bytes @ 0xE000EDF0)
T3CB4 000:169.984   Data:  01 00 10 01
T3CB4 000:169.994   Debug reg: DHCSR
T3CB4 000:170.002 - 0.238ms returns 0
T3CB4 000:170.010 JLINK_ReadMem(0x400E001C, 0x4 Bytes, ...)
T3CB4 000:170.016   CPU_ReadMem(4 bytes @ 0x400E001C)
T3CB4 000:170.214   Data:  00 FC FF 00
T3CB4 000:170.223 - 0.213ms returns 0
T3CB4 000:170.231 JLINK_ReadMem(0xE000EDF0, 0x4 Bytes, ...)
T3CB4 000:170.237   CPU_ReadMem(4 bytes @ 0xE000EDF0)
T3CB4 000:170.464   Data:  01 00 10 01
T3CB4 000:170.473   Debug reg: DHCSR
T3CB4 000:170.480 - 0.249ms returns 0
T3CB4 000:170.487 JLINK_ReadMem(0x400E0018, 0x4 Bytes, ...)
T3CB4 000:170.493   CPU_ReadMem(4 bytes @ 0x400E0018)
T3CB4 000:170.713   Data:  00 80 FF 00
T3CB4 000:170.721 - 0.234ms returns 0
T3CB4 000:170.730 JLINK_ReadMem(0xE000EDF0, 0x4 Bytes, ...)
T3CB4 000:170.735   CPU_ReadMem(4 bytes @ 0xE000EDF0)
T3CB4 000:170.940   Data:  01 00 10 01
T3CB4 000:170.949   Debug reg: DHCSR
T3CB4 000:170.957 - 0.227ms returns 0
T3CB4 000:170.964 JLINK_ReadMem(0x400E0020, 0x4 Bytes, ...)
T3CB4 000:170.969   CPU_ReadMem(4 bytes @ 0x400E0020)
T3CB4 000:171.190   Data:  00 FC 00 00
T3CB4 000:171.198 - 0.234ms returns 0
T3CB4 000:171.206 JLINK_ReadMem(0xE000EDF0, 0x4 Bytes, ...)
T3CB4 000:171.212   CPU_ReadMem(4 bytes @ 0xE000EDF0)
T3CB4 000:171.464   Data:  01 00 10 01
T3CB4 000:171.472   Debug reg: DHCSR
T3CB4 000:171.480 - 0.273ms returns 0
T3CB4 000:171.487 JLINK_ReadMem(0x400E0028, 0x4 Bytes, ...)
T3CB4 000:171.493   CPU_ReadMem(4 bytes @ 0x400E0028)
T3CB4 000:171.713   Data:  00 FC 1F 00
T3CB4 000:171.721 - 0.234ms returns 0
T3CB4 000:171.729 JLINK_ReadMem(0xE000EDF0, 0x4 Bytes, ...)
T3CB4 000:171.735   CPU_ReadMem(4 bytes @ 0xE000EDF0)
T3CB4 000:171.966   Data:  01 00 10 01
T3CB4 000:171.982   Debug reg: DHCSR
T3CB4 000:171.990 - 0.261ms returns 0
T3CB4 000:171.999 JLINK_ReadMem(0x400E0024, 0x4 Bytes, ...)
T3CB4 000:172.008   CPU_ReadMem(4 bytes @ 0x400E0024)
T3CB4 000:172.215   Data:  00 E0 1F 00
T3CB4 000:172.226 - 0.226ms returns 0
T3CB4 000:172.235 JLINK_ReadMem(0xE000EDF0, 0x4 Bytes, ...)
T3CB4 000:172.242   CPU_ReadMem(4 bytes @ 0xE000EDF0)
T3CB4 000:172.466   Data:  01 00 10 01
T3CB4 000:172.475   Debug reg: DHCSR
T3CB4 000:172.483 - 0.247ms returns 0
T3CB4 000:172.490 JLINK_ReadMem(0x400E002C, 0x4 Bytes, ...)
T3CB4 000:172.496   CPU_ReadMem(4 bytes @ 0x400E002C)
T3CB4 000:172.714   Data:  01 00 00 00
T3CB4 000:172.724 - 0.234ms returns 0
T3CB4 000:178.106 JLINK_Close()
T3CB4 000:192.160 - 14.052ms
T3CB4 000:192.204   
T3CB4 000:192.209   Closed
