T453C 000:000.597   SEGGER J-Link V8.12f Log File
T453C 000:000.707   DLL Compiled: Feb 12 2025 13:34:40
T453C 000:000.721   Logging started @ 2025-08-03 07:36
T453C 000:000.735   Process: C:\Users\a8456\.eclipse\com.renesas.platform_1713588285\DebugComp\RA\e2-server-gdb.exe
T453C 000:000.752 - 0.748ms 
T453C 000:000.771 JLINK_GetDLLVersion()
T453C 000:000.784 - 0.013ms returns 81206
T453C 000:002.297 JLINK_OpenEx(...)
T453C 000:008.572   Firmware: J-Link V9 compiled May  7 2021 16:26:12
T453C 000:009.342   Firmware: J-Link V9 compiled May  7 2021 16:26:12
T453C 000:009.478   Decompressing FW timestamp took 92 us
T453C 000:014.885   Hardware: V9.60
T453C 000:014.919   S/N: 69660718
T453C 000:014.938   OEM: SEGGER
T453C 000:015.029   Feature(s): RDI, GDB, FlashDL, FlashBP, JFlash
T453C 000:015.454   Bootloader: (FW returned invalid version)
T453C 000:015.978   TELNET listener socket opened on port 19021
T453C 000:016.076   WEBSRV WEBSRV_Init(): Starting webserver thread(s)
T453C 000:016.197   WEBSRV Webserver running on local port 19080
T453C 000:016.292   Looking for J-Link GUI Server exe at: C:\Users\a8456\.eclipse\com.renesas.platform_1713588285\DebugComp\RA\ARM\Segger_v8.12.6\JLinkGUIServer.exe
T453C 000:016.368   Looking for J-Link GUI Server exe at: C:\Program Files\SEGGER\JLink_V818\JLinkGUIServer.exe
T453C 000:016.393   Forking J-Link GUI Server: C:\Program Files\SEGGER\JLink_V818\JLinkGUIServer.exe
T453C 000:100.355   J-Link GUI Server info: "J-Link GUI server V8.18 "
T453C 000:103.093 - 100.792ms returns "O.K."
T453C 000:103.206 JLINK_ExecCommand("ProjectFile=C:\Users\a8456\e2_studio\workspace\RA4M2_MINI_Project15/RA4M2_MINI_Project15 Debug_Flat.jlink", ...). 
T453C 000:123.474 - 20.277ms returns 0x00
T453C 000:123.690 JLINK_ExecCommand("device=R7FA4M2AD", ...). 
T453C 000:123.818   Flash bank @ 0x0100A100: SFL: Parsing sectorization info from ELF file
T453C 000:123.829     FlashDevice.SectorInfo[0]: .SectorSize = 0x00000010, .SectorStartAddr = 0x00000000
T453C 000:123.837   FlashBank @0x0100A100: Sectorization info from SFL ELF file ignored because sectorization override from DLL / XML file is active.
T453C 000:124.023   Flash bank @ 0x60000000: SFL: Parsing sectorization info from ELF file
T453C 000:124.033     FlashDevice.SectorInfo[0]: .SectorSize = 0x00010000, .SectorStartAddr = 0x00000000
T453C 000:126.772   Device "R7FA4M2AD" selected.
T453C 000:127.223 - 3.522ms returns 0x00
T453C 000:127.237 JLINK_TIF_GetAvailable(...)
T453C 000:127.365 - 0.125ms 
T453C 000:127.379 JLINK_TIF_Select(JLINKARM_TIF_SWD)
T453C 000:127.939 - 0.559ms returns 0x00
T453C 000:127.950 JLINK_SetSpeed(4000)
T453C 000:128.035 - 0.085ms 
T453C 000:128.051 JLINK_ReadMem(0xE000EDF0, 0x4 Bytes, ...)
T453C 000:128.190   ConfigTargetSettings() start
T453C 000:128.203    J-Link Script File: Executing ConfigTargetSettings()
T453C 000:128.210   Configuring FlashDLNoRMWThreshold=0x200 in order to make sure that option bytes programming is done via read-modify-write
T453C 000:134.138   ConfigTargetSettings() end - Took 5.93ms
T453C 000:134.154   InitTarget() start
T453C 000:134.162    J-Link Script File: Executing InitTarget()
T453C 000:134.168   SWD selected. Executing JTAG -> SWD switching sequence.
T453C 000:135.551   DAP initialized successfully.
T453C 000:135.566   Determining TrustZone configuration...
T453C 000:136.371     Secure Debug: Enabled (SSD)
T453C 000:136.386   Determining currently configured transfer type by reading the AHB-AP CSW register.
T453C 000:136.898     --> Correct transfer type configured. Done.
T453C 000:136.911   InitTarget() end - Took 2.74ms
T453C 000:137.392   Found SW-DP with ID 0x6BA02477
T453C 000:139.041   DPIDR: 0x6BA02477
T453C 000:139.052   CoreSight SoC-400 or earlier
T453C 000:139.061   Scanning AP map to find all available APs
T453C 000:139.667   AP[2]: Stopped AP scan as end of AP map has been reached
T453C 000:139.677   AP[0]: AHB-AP (IDR: 0x84770001, ADDR: 0x00000000)
T453C 000:139.685   AP[1]: APB-AP (IDR: 0x54770002, ADDR: 0x01000000)
T453C 000:139.693   Iterating through AP map to find AHB-AP to use
T453C 000:140.439   AP[0]: Core found
T453C 000:140.449   AP[0]: AHB-AP ROM base: 0xE00FE000
T453C 000:140.821   CPUID register: 0x410FD214. Implementer code: 0x41 (ARM)
T453C 000:140.834   Feature set: Mainline
T453C 000:141.207   Cache: No cache
T453C 000:141.241   Found Cortex-M33 r0p4, Little endian.
T453C 000:141.486   -- Max. mem block: 0x00010A88
T453C 000:142.057   
  ***** Warning: 
T453C 000:142.087   Cortex-M (ARMv8-M and later): The connected J-Link (S/N 69660718) uses an old firmware module that does not handle I/D-cache correctly. Proper debugging functionality cannot be guaranteed if cache is enabled
T453C 000:142.117   CPU_ReadMem(4 bytes @ 0xE000EDF0)
T453C 000:142.409   CPU_WriteMem(4 bytes @ 0xE000EDF0)
T453C 000:142.676   CPU_ReadMem(4 bytes @ 0xE0002000)
T453C 000:142.996   FPUnit: 8 code (BP) slots and 0 literal slots
T453C 000:143.023   CPU_ReadMem(4 bytes @ 0xE000EDFC)
T453C 000:143.304   CPU_WriteMem(4 bytes @ 0xE000EDFC)
T453C 000:143.594   CPU_ReadMem(4 bytes @ 0xE0001000)
T453C 000:143.858   CPU_ReadMem(4 bytes @ 0xE0001000)
T453C 000:144.087   CPU_ReadMem(4 bytes @ 0xE0001028)
T453C 000:144.321   CPU_ReadMem(4 bytes @ 0xE0001038)
T453C 000:144.550   CPU_ReadMem(4 bytes @ 0xE0001048)
T453C 000:144.817   CPU_ReadMem(4 bytes @ 0xE0001058)
T453C 000:145.080   CPU_WriteMem(4 bytes @ 0xE0001000)
T453C 000:145.341   CPU_ReadMem(4 bytes @ 0xE000ED88)
T453C 000:145.557   CPU_WriteMem(4 bytes @ 0xE000ED88)
T453C 000:145.820   CPU_ReadMem(4 bytes @ 0xE000ED88)
T453C 000:146.049   CPU_WriteMem(4 bytes @ 0xE000ED88)
T453C 000:146.316   CPU_ReadMem(4 bytes @ 0xE000EFB8)
T453C 000:146.544   Security extension: implemented
T453C 000:146.555   Secure debug: enabled
T453C 000:146.564   CoreSight components:
T453C 000:146.573   ROMTbl[0] @ E00FE000
T453C 000:146.593   CPU_ReadMem(64 bytes @ 0xE00FE000)
T453C 000:147.139   CPU_ReadMem(32 bytes @ 0xE0044FE0)
T453C 000:147.512   CPU_ReadMem(4 bytes @ 0xE0044FBC)
T453C 000:147.758   CPU_ReadMem(4 bytes @ 0xE0044FCC)
T453C 000:148.024   [0][0]: E0044000 CID B105900D PID 005BB906 DEVARCH 00000000 DEVTYPE 14 CTI (?)
T453C 000:148.037   CPU_ReadMem(32 bytes @ 0xE0047FE0)
T453C 000:148.394   CPU_ReadMem(4 bytes @ 0xE0047FBC)
T453C 000:148.631   CPU_ReadMem(4 bytes @ 0xE0047FCC)
T453C 000:148.886   [0][1]: E0047000 CID B105900D PID 003BB908 DEVARCH 00000000 DEVTYPE 12 CSTF
T453C 000:148.923   CPU_ReadMem(32 bytes @ 0xE0048FE0)
T453C 000:149.319   CPU_ReadMem(4 bytes @ 0xE0048FBC)
T453C 000:149.537   CPU_ReadMem(4 bytes @ 0xE0048FCC)
T453C 000:149.774   [0][2]: E0048000 CID B105900D PID 001BB961 DEVARCH 00000000 DEVTYPE 21 TMC
T453C 000:149.784   CPU_ReadMem(32 bytes @ 0xE0049FE0)
T453C 000:150.143   [0][3]: E0049000 CID B105F00D PID 001BB101 TSG
T453C 000:150.153   CPU_ReadMem(32 bytes @ 0xE0040FE0)
T453C 000:150.519   CPU_ReadMem(4 bytes @ 0xE0040FBC)
T453C 000:150.727   CPU_ReadMem(4 bytes @ 0xE0040FCC)
T453C 000:151.043   [0][4]: E0040000 CID B105900D PID 000BBD21 DEVARCH 00000000 DEVTYPE 11 TPIU
T453C 000:151.054   CPU_ReadMem(32 bytes @ 0xE00FFFE0)
T453C 000:151.407   [0][5]: E00FF000 CID B105100D PID 000BB4C9 ROM Table
T453C 000:151.415   ROMTbl[1] @ E00FF000
T453C 000:151.423   CPU_ReadMem(64 bytes @ 0xE00FF000)
T453C 000:151.990   CPU_ReadMem(32 bytes @ 0xE000EFE0)
T453C 000:152.351   CPU_ReadMem(4 bytes @ 0xE000EFBC)
T453C 000:152.563   CPU_ReadMem(4 bytes @ 0xE000EFCC)
T453C 000:152.789   [1][0]: E000E000 CID B105900D PID 000BBD21 DEVARCH 47702A04 DEVTYPE 00 Cortex-M33
T453C 000:152.799   CPU_ReadMem(32 bytes @ 0xE0001FE0)
T453C 000:153.142   CPU_ReadMem(4 bytes @ 0xE0001FBC)
T453C 000:153.344   CPU_ReadMem(4 bytes @ 0xE0001FCC)
T453C 000:153.582   [1][1]: E0001000 CID B105900D PID 000BBD21 DEVARCH 47701A02 DEVTYPE 00 DWT
T453C 000:153.592   CPU_ReadMem(32 bytes @ 0xE0002FE0)
T453C 000:153.932   CPU_ReadMem(4 bytes @ 0xE0002FBC)
T453C 000:154.187   CPU_ReadMem(4 bytes @ 0xE0002FCC)
T453C 000:154.412   [1][2]: E0002000 CID B105900D PID 000BBD21 DEVARCH 47701A03 DEVTYPE 00 FPB
T453C 000:154.442   CPU_ReadMem(32 bytes @ 0xE0000FE0)
T453C 000:154.795   CPU_ReadMem(4 bytes @ 0xE0000FBC)
T453C 000:155.019   CPU_ReadMem(4 bytes @ 0xE0000FCC)
T453C 000:155.230   [1][3]: E0000000 CID B105900D PID 000BBD21 DEVARCH 47701A01 DEVTYPE 43 ITM
T453C 000:155.238   CPU_ReadMem(32 bytes @ 0xE0041FE0)
T453C 000:155.601   CPU_ReadMem(4 bytes @ 0xE0041FBC)
T453C 000:155.832   CPU_ReadMem(4 bytes @ 0xE0041FCC)
T453C 000:156.035   [1][5]: E0041000 CID B105900D PID 002BBD21 DEVARCH 47724A13 DEVTYPE 13 ETM
T453C 000:156.044   CPU_ReadMem(32 bytes @ 0xE0042FE0)
T453C 000:156.407   CPU_ReadMem(4 bytes @ 0xE0042FBC)
T453C 000:156.606   CPU_ReadMem(4 bytes @ 0xE0042FCC)
T453C 000:156.842   [1][6]: E0042000 CID B105900D PID 000BBD21 DEVARCH 47701A14 DEVTYPE 14 CSS600-CTI
T453C 000:156.912   CPU_ReadMem(4 bytes @ 0xE000EDF0)
T453C 000:157.189   Data:  01 00 10 01
T453C 000:157.203   Debug reg: DHCSR
T453C 000:157.213 - 29.161ms returns 0
T453C 000:157.265 JLINK_ReadMem(0x400E002C, 0x4 Bytes, ...)
T453C 000:157.277   CPU_ReadMem(4 bytes @ 0x400E002C)
T453C 000:157.504   Data:  01 00 00 00
T453C 000:157.516 - 0.251ms returns 0
T453C 000:157.540 JLINK_ReadMem(0xE000EDF0, 0x4 Bytes, ...)
T453C 000:157.548   CPU_ReadMem(4 bytes @ 0xE000EDF0)
T453C 000:157.777   Data:  01 00 10 01
T453C 000:157.788   Debug reg: DHCSR
T453C 000:157.797 - 0.257ms returns 0
T453C 000:157.820 JLINK_ReadMem(0xE000EDF0, 0x4 Bytes, ...)
T453C 000:157.827   CPU_ReadMem(4 bytes @ 0xE000EDF0)
T453C 000:158.045   Data:  01 00 10 01
T453C 000:158.053   Debug reg: DHCSR
T453C 000:158.061 - 0.241ms returns 0
T453C 000:158.068 JLINK_ReadMem(0x400E001C, 0x4 Bytes, ...)
T453C 000:158.074   CPU_ReadMem(4 bytes @ 0x400E001C)
T453C 000:158.276   Data:  00 FC FF 00
T453C 000:158.284 - 0.216ms returns 0
T453C 000:158.292 JLINK_ReadMem(0xE000EDF0, 0x4 Bytes, ...)
T453C 000:158.298   CPU_ReadMem(4 bytes @ 0xE000EDF0)
T453C 000:158.507   Data:  01 00 10 01
T453C 000:158.515   Debug reg: DHCSR
T453C 000:158.523 - 0.230ms returns 0
T453C 000:158.529 JLINK_ReadMem(0x400E0018, 0x4 Bytes, ...)
T453C 000:158.535   CPU_ReadMem(4 bytes @ 0x400E0018)
T453C 000:158.750   Data:  00 80 FF 00
T453C 000:158.760 - 0.230ms returns 0
T453C 000:158.769 JLINK_ReadMem(0xE000EDF0, 0x4 Bytes, ...)
T453C 000:158.775   CPU_ReadMem(4 bytes @ 0xE000EDF0)
T453C 000:158.991   Data:  01 00 10 01
T453C 000:158.999   Debug reg: DHCSR
T453C 000:159.007 - 0.238ms returns 0
T453C 000:159.014 JLINK_ReadMem(0x400E0020, 0x4 Bytes, ...)
T453C 000:159.020   CPU_ReadMem(4 bytes @ 0x400E0020)
T453C 000:159.229   Data:  00 FC 00 00
T453C 000:159.237 - 0.223ms returns 0
T453C 000:159.245 JLINK_ReadMem(0xE000EDF0, 0x4 Bytes, ...)
T453C 000:159.251   CPU_ReadMem(4 bytes @ 0xE000EDF0)
T453C 000:159.455   Data:  01 00 10 01
T453C 000:159.464   Debug reg: DHCSR
T453C 000:159.472 - 0.226ms returns 0
T453C 000:159.478 JLINK_ReadMem(0x400E0028, 0x4 Bytes, ...)
T453C 000:159.484   CPU_ReadMem(4 bytes @ 0x400E0028)
T453C 000:159.688   Data:  00 FC 1F 00
T453C 000:159.698 - 0.219ms returns 0
T453C 000:159.707 JLINK_ReadMem(0xE000EDF0, 0x4 Bytes, ...)
T453C 000:159.713   CPU_ReadMem(4 bytes @ 0xE000EDF0)
T453C 000:159.912   Data:  01 00 10 01
T453C 000:159.920   Debug reg: DHCSR
T453C 000:159.928 - 0.221ms returns 0
T453C 000:159.935 JLINK_ReadMem(0x400E0024, 0x4 Bytes, ...)
T453C 000:159.941   CPU_ReadMem(4 bytes @ 0x400E0024)
T453C 000:160.187   Data:  00 E0 1F 00
T453C 000:160.202 - 0.266ms returns 0
T453C 000:160.215 JLINK_ReadMem(0xE000EDF0, 0x4 Bytes, ...)
T453C 000:160.224   CPU_ReadMem(4 bytes @ 0xE000EDF0)
T453C 000:160.451   Data:  01 00 10 01
T453C 000:160.460   Debug reg: DHCSR
T453C 000:160.468 - 0.252ms returns 0
T453C 000:160.475 JLINK_ReadMem(0x400E002C, 0x4 Bytes, ...)
T453C 000:160.481   CPU_ReadMem(4 bytes @ 0x400E002C)
T453C 000:160.684   Data:  01 00 00 00
T453C 000:160.693 - 0.218ms returns 0
T453C 000:161.684 JLINK_Close()
T453C 000:176.379 - 14.693ms
T453C 000:176.411   
T453C 000:176.417   Closed
