T5A70 000:000.559   SEGGER J-Link V8.12f Log File
T5A70 000:000.666   DLL Compiled: Feb 12 2025 13:34:40
T5A70 000:000.679   Logging started @ 2025-08-03 08:20
T5A70 000:000.693   Process: C:\Users\a8456\.eclipse\com.renesas.platform_1713588285\DebugComp\RA\e2-server-gdb.exe
T5A70 000:000.709 - 0.705ms 
T5A70 000:000.727 JLINK_GetDLLVersion()
T5A70 000:000.740 - 0.013ms returns 81206
T5A70 000:002.216 JLINK_OpenEx(...)
T5A70 000:007.611   Firmware: J-Link V9 compiled May  7 2021 16:26:12
T5A70 000:008.169   Firmware: J-Link V9 compiled May  7 2021 16:26:12
T5A70 000:008.308   Decompressing FW timestamp took 96 us
T5A70 000:013.829   Hardware: V9.60
T5A70 000:013.864   S/N: 69660718
T5A70 000:013.883   OEM: SEGGER
T5A70 000:013.964   Feature(s): RDI, GDB, FlashDL, FlashBP, JFlash
T5A70 000:014.434   Bootloader: (FW returned invalid version)
T5A70 000:015.107   TELNET listener socket opened on port 19021
T5A70 000:015.269   WEBSRV WEBSRV_Init(): Starting webserver thread(s)
T5A70 000:015.506   WEBSRV Webserver running on local port 19080
T5A70 000:015.706   Looking for J-Link GUI Server exe at: C:\Users\a8456\.eclipse\com.renesas.platform_1713588285\DebugComp\RA\ARM\Segger_v8.12.6\JLinkGUIServer.exe
T5A70 000:015.873   Looking for J-Link GUI Server exe at: C:\Program Files\SEGGER\JLink_V818\JLinkGUIServer.exe
T5A70 000:015.938   Forking J-Link GUI Server: C:\Program Files\SEGGER\JLink_V818\JLinkGUIServer.exe
T5A70 000:106.847   J-Link GUI Server info: "J-Link GUI server V8.18 "
T5A70 000:107.169 - 104.946ms returns "O.K."
T5A70 000:107.262 JLINK_ExecCommand("ProjectFile=C:\Users\a8456\e2_studio\workspace\RA4M2_MINI_Project16/RA4M2_MINI_Project16 Debug_Flat.jlink", ...). 
T5A70 000:129.235 - 21.978ms returns 0x00
T5A70 000:129.496 JLINK_ExecCommand("device=R7FA4M2AD", ...). 
T5A70 000:129.632   Flash bank @ 0x0100A100: SFL: Parsing sectorization info from ELF file
T5A70 000:129.643     FlashDevice.SectorInfo[0]: .SectorSize = 0x00000010, .SectorStartAddr = 0x00000000
T5A70 000:129.653   FlashBank @0x0100A100: Sectorization info from SFL ELF file ignored because sectorization override from DLL / XML file is active.
T5A70 000:129.846   Flash bank @ 0x60000000: SFL: Parsing sectorization info from ELF file
T5A70 000:129.856     FlashDevice.SectorInfo[0]: .SectorSize = 0x00010000, .SectorStartAddr = 0x00000000
T5A70 000:132.765   Device "R7FA4M2AD" selected.
T5A70 000:133.300 - 3.790ms returns 0x00
T5A70 000:133.317 JLINK_TIF_GetAvailable(...)
T5A70 000:133.511 - 0.192ms 
T5A70 000:133.610 JLINK_TIF_Select(JLINKARM_TIF_SWD)
T5A70 000:134.272 - 0.662ms returns 0x00
T5A70 000:134.289 JLINK_SetSpeed(4000)
T5A70 000:134.391 - 0.104ms 
T5A70 000:134.409 JLINK_ReadMem(0xE000EDF0, 0x4 Bytes, ...)
T5A70 000:134.552   ConfigTargetSettings() start
T5A70 000:134.582    J-Link Script File: Executing ConfigTargetSettings()
T5A70 000:134.597   Configuring FlashDLNoRMWThreshold=0x200 in order to make sure that option bytes programming is done via read-modify-write
T5A70 000:140.247   ConfigTargetSettings() end - Took 5.66ms
T5A70 000:140.260   InitTarget() start
T5A70 000:140.269    J-Link Script File: Executing InitTarget()
T5A70 000:140.276   SWD selected. Executing JTAG -> SWD switching sequence.
T5A70 000:141.749   DAP initialized successfully.
T5A70 000:141.778   Determining TrustZone configuration...
T5A70 000:142.428     Secure Debug: Enabled (SSD)
T5A70 000:142.446   Determining currently configured transfer type by reading the AHB-AP CSW register.
T5A70 000:142.895     --> Correct transfer type configured. Done.
T5A70 000:142.906   InitTarget() end - Took 2.63ms
T5A70 000:143.469   Found SW-DP with ID 0x6BA02477
T5A70 000:145.262   DPIDR: 0x6BA02477
T5A70 000:145.278   CoreSight SoC-400 or earlier
T5A70 000:145.290   Scanning AP map to find all available APs
T5A70 000:145.899   AP[2]: Stopped AP scan as end of AP map has been reached
T5A70 000:145.914   AP[0]: AHB-AP (IDR: 0x84770001, ADDR: 0x00000000)
T5A70 000:145.922   AP[1]: APB-AP (IDR: 0x54770002, ADDR: 0x01000000)
T5A70 000:145.930   Iterating through AP map to find AHB-AP to use
T5A70 000:146.798   AP[0]: Core found
T5A70 000:146.811   AP[0]: AHB-AP ROM base: 0xE00FE000
T5A70 000:147.170   CPUID register: 0x410FD214. Implementer code: 0x41 (ARM)
T5A70 000:147.180   Feature set: Mainline
T5A70 000:147.532   Cache: No cache
T5A70 000:147.542   Found Cortex-M33 r0p4, Little endian.
T5A70 000:147.754   -- Max. mem block: 0x00010A88
T5A70 000:148.166   
  ***** Warning: 
T5A70 000:148.178   Cortex-M (ARMv8-M and later): The connected J-Link (S/N 69660718) uses an old firmware module that does not handle I/D-cache correctly. Proper debugging functionality cannot be guaranteed if cache is enabled
T5A70 000:148.194   CPU_ReadMem(4 bytes @ 0xE000EDF0)
T5A70 000:148.429   CPU_WriteMem(4 bytes @ 0xE000EDF0)
T5A70 000:148.676   CPU_ReadMem(4 bytes @ 0xE0002000)
T5A70 000:148.927   FPUnit: 8 code (BP) slots and 0 literal slots
T5A70 000:148.939   CPU_ReadMem(4 bytes @ 0xE000EDFC)
T5A70 000:149.190   CPU_WriteMem(4 bytes @ 0xE000EDFC)
T5A70 000:149.429   CPU_ReadMem(4 bytes @ 0xE0001000)
T5A70 000:149.669   CPU_ReadMem(4 bytes @ 0xE0001000)
T5A70 000:149.906   CPU_ReadMem(4 bytes @ 0xE0001028)
T5A70 000:150.126   CPU_ReadMem(4 bytes @ 0xE0001038)
T5A70 000:150.349   CPU_ReadMem(4 bytes @ 0xE0001048)
T5A70 000:150.624   CPU_ReadMem(4 bytes @ 0xE0001058)
T5A70 000:150.849   CPU_WriteMem(4 bytes @ 0xE0001000)
T5A70 000:151.079   CPU_ReadMem(4 bytes @ 0xE000ED88)
T5A70 000:151.316   CPU_WriteMem(4 bytes @ 0xE000ED88)
T5A70 000:151.601   CPU_ReadMem(4 bytes @ 0xE000ED88)
T5A70 000:151.832   CPU_WriteMem(4 bytes @ 0xE000ED88)
T5A70 000:152.068   CPU_ReadMem(4 bytes @ 0xE000EFB8)
T5A70 000:152.321   Security extension: implemented
T5A70 000:152.338   Secure debug: enabled
T5A70 000:152.346   CoreSight components:
T5A70 000:152.354   ROMTbl[0] @ E00FE000
T5A70 000:152.364   CPU_ReadMem(64 bytes @ 0xE00FE000)
T5A70 000:152.916   CPU_ReadMem(32 bytes @ 0xE0044FE0)
T5A70 000:153.291   CPU_ReadMem(4 bytes @ 0xE0044FBC)
T5A70 000:153.503   CPU_ReadMem(4 bytes @ 0xE0044FCC)
T5A70 000:153.737   [0][0]: E0044000 CID B105900D PID 005BB906 DEVARCH 00000000 DEVTYPE 14 CTI (?)
T5A70 000:153.746   CPU_ReadMem(32 bytes @ 0xE0047FE0)
T5A70 000:154.111   CPU_ReadMem(4 bytes @ 0xE0047FBC)
T5A70 000:154.331   CPU_ReadMem(4 bytes @ 0xE0047FCC)
T5A70 000:154.626   [0][1]: E0047000 CID B105900D PID 003BB908 DEVARCH 00000000 DEVTYPE 12 CSTF
T5A70 000:154.636   CPU_ReadMem(32 bytes @ 0xE0048FE0)
T5A70 000:155.000   CPU_ReadMem(4 bytes @ 0xE0048FBC)
T5A70 000:155.207   CPU_ReadMem(4 bytes @ 0xE0048FCC)
T5A70 000:155.431   [0][2]: E0048000 CID B105900D PID 001BB961 DEVARCH 00000000 DEVTYPE 21 TMC
T5A70 000:155.441   CPU_ReadMem(32 bytes @ 0xE0049FE0)
T5A70 000:155.775   [0][3]: E0049000 CID B105F00D PID 001BB101 TSG
T5A70 000:155.784   CPU_ReadMem(32 bytes @ 0xE0040FE0)
T5A70 000:156.125   CPU_ReadMem(4 bytes @ 0xE0040FBC)
T5A70 000:156.349   CPU_ReadMem(4 bytes @ 0xE0040FCC)
T5A70 000:156.628   [0][4]: E0040000 CID B105900D PID 000BBD21 DEVARCH 00000000 DEVTYPE 11 TPIU
T5A70 000:156.645   CPU_ReadMem(32 bytes @ 0xE00FFFE0)
T5A70 000:157.002   [0][5]: E00FF000 CID B105100D PID 000BB4C9 ROM Table
T5A70 000:157.011   ROMTbl[1] @ E00FF000
T5A70 000:157.019   CPU_ReadMem(64 bytes @ 0xE00FF000)
T5A70 000:157.520   CPU_ReadMem(32 bytes @ 0xE000EFE0)
T5A70 000:157.889   CPU_ReadMem(4 bytes @ 0xE000EFBC)
T5A70 000:158.113   CPU_ReadMem(4 bytes @ 0xE000EFCC)
T5A70 000:158.334   [1][0]: E000E000 CID B105900D PID 000BBD21 DEVARCH 47702A04 DEVTYPE 00 Cortex-M33
T5A70 000:158.343   CPU_ReadMem(32 bytes @ 0xE0001FE0)
T5A70 000:158.748   CPU_ReadMem(4 bytes @ 0xE0001FBC)
T5A70 000:158.978   CPU_ReadMem(4 bytes @ 0xE0001FCC)
T5A70 000:159.198   [1][1]: E0001000 CID B105900D PID 000BBD21 DEVARCH 47701A02 DEVTYPE 00 DWT
T5A70 000:159.207   CPU_ReadMem(32 bytes @ 0xE0002FE0)
T5A70 000:159.600   CPU_ReadMem(4 bytes @ 0xE0002FBC)
T5A70 000:159.806   CPU_ReadMem(4 bytes @ 0xE0002FCC)
T5A70 000:160.008   [1][2]: E0002000 CID B105900D PID 000BBD21 DEVARCH 47701A03 DEVTYPE 00 FPB
T5A70 000:160.050   CPU_ReadMem(32 bytes @ 0xE0000FE0)
T5A70 000:160.457   CPU_ReadMem(4 bytes @ 0xE0000FBC)
T5A70 000:160.653   CPU_ReadMem(4 bytes @ 0xE0000FCC)
T5A70 000:160.882   [1][3]: E0000000 CID B105900D PID 000BBD21 DEVARCH 47701A01 DEVTYPE 43 ITM
T5A70 000:160.891   CPU_ReadMem(32 bytes @ 0xE0041FE0)
T5A70 000:161.245   CPU_ReadMem(4 bytes @ 0xE0041FBC)
T5A70 000:161.457   CPU_ReadMem(4 bytes @ 0xE0041FCC)
T5A70 000:161.653   [1][5]: E0041000 CID B105900D PID 002BBD21 DEVARCH 47724A13 DEVTYPE 13 ETM
T5A70 000:161.662   CPU_ReadMem(32 bytes @ 0xE0042FE0)
T5A70 000:162.000   CPU_ReadMem(4 bytes @ 0xE0042FBC)
T5A70 000:162.229   CPU_ReadMem(4 bytes @ 0xE0042FCC)
T5A70 000:162.479   [1][6]: E0042000 CID B105900D PID 000BBD21 DEVARCH 47701A14 DEVTYPE 14 CSS600-CTI
T5A70 000:162.518   CPU_ReadMem(4 bytes @ 0xE000EDF0)
T5A70 000:162.728   Data:  01 00 10 01
T5A70 000:162.736   Debug reg: DHCSR
T5A70 000:162.745 - 28.336ms returns 0
T5A70 000:162.778 JLINK_ReadMem(0x400E002C, 0x4 Bytes, ...)
T5A70 000:162.785   CPU_ReadMem(4 bytes @ 0x400E002C)
T5A70 000:163.063   Data:  01 00 00 00
T5A70 000:163.098 - 0.320ms returns 0
T5A70 000:163.140 JLINK_ReadMem(0xE000EDF0, 0x4 Bytes, ...)
T5A70 000:163.158   CPU_ReadMem(4 bytes @ 0xE000EDF0)
T5A70 000:163.437   Data:  01 00 10 01
T5A70 000:163.451   Debug reg: DHCSR
T5A70 000:163.460 - 0.320ms returns 0
T5A70 000:163.489 JLINK_ReadMem(0xE000EDF0, 0x4 Bytes, ...)
T5A70 000:163.497   CPU_ReadMem(4 bytes @ 0xE000EDF0)
T5A70 000:163.706   Data:  01 00 10 01
T5A70 000:163.716   Debug reg: DHCSR
T5A70 000:163.725 - 0.236ms returns 0
T5A70 000:163.733 JLINK_ReadMem(0x400E001C, 0x4 Bytes, ...)
T5A70 000:163.740   CPU_ReadMem(4 bytes @ 0x400E001C)
T5A70 000:163.946   Data:  00 FC FF 00
T5A70 000:163.954 - 0.221ms returns 0
T5A70 000:163.968 JLINK_ReadMem(0xE000EDF0, 0x4 Bytes, ...)
T5A70 000:163.984   CPU_ReadMem(4 bytes @ 0xE000EDF0)
T5A70 000:164.184   Data:  01 00 10 01
T5A70 000:164.195   Debug reg: DHCSR
T5A70 000:164.204 - 0.240ms returns 0
T5A70 000:164.212 JLINK_ReadMem(0x400E0018, 0x4 Bytes, ...)
T5A70 000:164.219   CPU_ReadMem(4 bytes @ 0x400E0018)
T5A70 000:164.466   Data:  00 80 FF 00
T5A70 000:164.477 - 0.265ms returns 0
T5A70 000:164.489 JLINK_ReadMem(0xE000EDF0, 0x4 Bytes, ...)
T5A70 000:164.496   CPU_ReadMem(4 bytes @ 0xE000EDF0)
T5A70 000:164.715   Data:  01 00 10 01
T5A70 000:164.727   Debug reg: DHCSR
T5A70 000:164.735 - 0.246ms returns 0
T5A70 000:164.743 JLINK_ReadMem(0x400E0020, 0x4 Bytes, ...)
T5A70 000:164.749   CPU_ReadMem(4 bytes @ 0x400E0020)
T5A70 000:164.965   Data:  00 FC 00 00
T5A70 000:164.984 - 0.241ms returns 0
T5A70 000:164.994 JLINK_ReadMem(0xE000EDF0, 0x4 Bytes, ...)
T5A70 000:165.001   CPU_ReadMem(4 bytes @ 0xE000EDF0)
T5A70 000:165.262   Data:  01 00 10 01
T5A70 000:165.275   Debug reg: DHCSR
T5A70 000:165.283 - 0.289ms returns 0
T5A70 000:165.291 JLINK_ReadMem(0x400E0028, 0x4 Bytes, ...)
T5A70 000:165.298   CPU_ReadMem(4 bytes @ 0x400E0028)
T5A70 000:165.524   Data:  00 FC 1F 00
T5A70 000:165.542 - 0.250ms returns 0
T5A70 000:165.554 JLINK_ReadMem(0xE000EDF0, 0x4 Bytes, ...)
T5A70 000:165.563   CPU_ReadMem(4 bytes @ 0xE000EDF0)
T5A70 000:165.781   Data:  01 00 10 01
T5A70 000:165.807   Debug reg: DHCSR
T5A70 000:165.822 - 0.268ms returns 0
T5A70 000:165.837 JLINK_ReadMem(0x400E0024, 0x4 Bytes, ...)
T5A70 000:165.858   CPU_ReadMem(4 bytes @ 0x400E0024)
T5A70 000:166.157   Data:  00 E0 1F 00
T5A70 000:166.172 - 0.335ms returns 0
T5A70 000:166.184 JLINK_ReadMem(0xE000EDF0, 0x4 Bytes, ...)
T5A70 000:166.193   CPU_ReadMem(4 bytes @ 0xE000EDF0)
T5A70 000:166.433   Data:  01 00 10 01
T5A70 000:166.448   Debug reg: DHCSR
T5A70 000:166.457 - 0.272ms returns 0
T5A70 000:166.466 JLINK_ReadMem(0x400E002C, 0x4 Bytes, ...)
T5A70 000:166.488   CPU_ReadMem(4 bytes @ 0x400E002C)
T5A70 000:166.699   Data:  01 00 00 00
T5A70 000:166.712 - 0.245ms returns 0
T5A70 000:171.092 JLINK_Close()
T5A70 000:184.560 - 13.467ms
T5A70 000:184.586   
T5A70 000:184.592   Closed
