T1090 000:000.611   SEGGER J-Link V8.12f Log File
T1090 000:000.722   DLL Compiled: Feb 12 2025 13:34:40
T1090 000:000.736   Logging started @ 2025-07-20 09:38
T1090 000:000.750   Process: C:\Users\a8456\.eclipse\com.renesas.platform_1713588285\DebugComp\RA\e2-server-gdb.exe
T1090 000:000.767 - 0.763ms 
T1090 000:000.786 JLINK_GetDLLVersion()
T1090 000:000.799 - 0.014ms returns 81206
T1090 000:002.467 JLINK_OpenEx(...)
T1090 000:009.427   Firmware: J-Link V9 compiled May  7 2021 16:26:12
T1090 000:010.017   Firmware: J-Link V9 compiled May  7 2021 16:26:12
T1090 000:010.154   Decompressing FW timestamp took 91 us
T1090 000:015.625   Hardware: V9.60
T1090 000:015.666   S/N: 69667700
T1090 000:015.686   OEM: SEGGER
T1090 000:015.850   Feature(s): RDI, GDB, FlashDL, FlashBP, JFlash
T1090 000:016.288   Bootloader: (FW returned invalid version)
T1090 000:016.867   TELNET listener socket opened on port 19021
T1090 000:016.977   WEBSRV WEBSRV_Init(): Starting webserver thread(s)
T1090 000:017.088   WEBSRV Webserver running on local port 19080
T1090 000:017.188   Looking for J-Link GUI Server exe at: C:\Users\a8456\.eclipse\com.renesas.platform_1713588285\DebugComp\RA\ARM\Segger_v8.12.6\JLinkGUIServer.exe
T1090 000:017.265   Looking for J-Link GUI Server exe at: C:\Program Files\SEGGER\JLink_V818\JLinkGUIServer.exe
T1090 000:017.290   Forking J-Link GUI Server: C:\Program Files\SEGGER\JLink_V818\JLinkGUIServer.exe
T1090 000:060.214   J-Link GUI Server info: "J-Link GUI server V8.18 "
T1090 000:063.534 - 61.063ms returns "O.K."
T1090 000:063.666 JLINK_ExecCommand("ProjectFile=C:\Users\a8456\e2_studio\workspace\RA4M2_MINI_Project5/RA4M2_MINI_Project5 Debug_Flat.jlink", ...). 
T1090 000:082.263 - 18.601ms returns 0x00
T1090 000:082.488 JLINK_ExecCommand("device=R7FA4M2AD", ...). 
T1090 000:082.616   Flash bank @ 0x0100A100: SFL: Parsing sectorization info from ELF file
T1090 000:082.626     FlashDevice.SectorInfo[0]: .SectorSize = 0x00000010, .SectorStartAddr = 0x00000000
T1090 000:082.635   FlashBank @0x0100A100: Sectorization info from SFL ELF file ignored because sectorization override from DLL / XML file is active.
T1090 000:082.809   Flash bank @ 0x60000000: SFL: Parsing sectorization info from ELF file
T1090 000:082.819     FlashDevice.SectorInfo[0]: .SectorSize = 0x00010000, .SectorStartAddr = 0x00000000
T1090 000:085.798   Device "R7FA4M2AD" selected.
T1090 000:086.093 - 3.595ms returns 0x00
T1090 000:086.111 JLINK_TIF_GetAvailable(...)
T1090 000:086.341 - 0.229ms 
T1090 000:086.365 JLINK_TIF_Select(JLINKARM_TIF_SWD)
T1090 000:086.921 - 0.556ms returns 0x00
T1090 000:086.937 JLINK_SetSpeed(4000)
T1090 000:087.020 - 0.084ms 
T1090 000:087.039 JLINK_ReadMem(0xE000EDF0, 0x4 Bytes, ...)
T1090 000:087.312   ConfigTargetSettings() start
T1090 000:087.346    J-Link Script File: Executing ConfigTargetSettings()
T1090 000:087.362   Configuring FlashDLNoRMWThreshold=0x200 in order to make sure that option bytes programming is done via read-modify-write
T1090 000:093.827   ConfigTargetSettings() end - Took 6.48ms
T1090 000:093.842   InitTarget() start
T1090 000:093.850    J-Link Script File: Executing InitTarget()
T1090 000:093.857   SWD selected. Executing JTAG -> SWD switching sequence.
T1090 000:095.193   DAP initialized successfully.
T1090 000:095.210   Determining TrustZone configuration...
T1090 000:095.928     Secure Debug: Enabled (SSD)
T1090 000:095.939   Determining currently configured transfer type by reading the AHB-AP CSW register.
T1090 000:096.461     --> Correct transfer type configured. Done.
T1090 000:096.475   InitTarget() end - Took 2.62ms
T1090 000:096.902   Found SW-DP with ID 0x6BA02477
T1090 000:098.383   DPIDR: 0x6BA02477
T1090 000:098.394   CoreSight SoC-400 or earlier
T1090 000:098.405   Scanning AP map to find all available APs
T1090 000:099.028   AP[2]: Stopped AP scan as end of AP map has been reached
T1090 000:099.039   AP[0]: AHB-AP (IDR: 0x84770001, ADDR: 0x00000000)
T1090 000:099.047   AP[1]: APB-AP (IDR: 0x54770002, ADDR: 0x01000000)
T1090 000:099.055   Iterating through AP map to find AHB-AP to use
T1090 000:099.696   AP[0]: Core found
T1090 000:099.705   AP[0]: AHB-AP ROM base: 0xE00FE000
T1090 000:100.025   CPUID register: 0x410FD214. Implementer code: 0x41 (ARM)
T1090 000:100.034   Feature set: Mainline
T1090 000:100.360   Cache: No cache
T1090 000:100.372   Found Cortex-M33 r0p4, Little endian.
T1090 000:100.588   -- Max. mem block: 0x00010A88
T1090 000:101.042   
  ***** Warning: 
T1090 000:101.052   Cortex-M (ARMv8-M and later): The connected J-Link (S/N 69667700) uses an old firmware module that does not handle I/D-cache correctly. Proper debugging functionality cannot be guaranteed if cache is enabled
T1090 000:101.066   CPU_ReadMem(4 bytes @ 0xE000EDF0)
T1090 000:101.291   CPU_WriteMem(4 bytes @ 0xE000EDF0)
T1090 000:101.533   CPU_ReadMem(4 bytes @ 0xE0002000)
T1090 000:101.765   FPUnit: 8 code (BP) slots and 0 literal slots
T1090 000:101.778   CPU_ReadMem(4 bytes @ 0xE000EDFC)
T1090 000:102.033   CPU_WriteMem(4 bytes @ 0xE000EDFC)
T1090 000:102.285   CPU_ReadMem(4 bytes @ 0xE0001000)
T1090 000:102.506   CPU_ReadMem(4 bytes @ 0xE0001000)
T1090 000:102.741   CPU_ReadMem(4 bytes @ 0xE0001028)
T1090 000:102.965   CPU_ReadMem(4 bytes @ 0xE0001038)
T1090 000:103.210   CPU_ReadMem(4 bytes @ 0xE0001048)
T1090 000:103.484   CPU_ReadMem(4 bytes @ 0xE0001058)
T1090 000:103.708   CPU_WriteMem(4 bytes @ 0xE0001000)
T1090 000:103.985   CPU_ReadMem(4 bytes @ 0xE000ED88)
T1090 000:104.290   CPU_WriteMem(4 bytes @ 0xE000ED88)
T1090 000:104.559   CPU_ReadMem(4 bytes @ 0xE000ED88)
T1090 000:104.865   CPU_WriteMem(4 bytes @ 0xE000ED88)
T1090 000:105.087   CPU_ReadMem(4 bytes @ 0xE000EFB8)
T1090 000:105.288   Security extension: implemented
T1090 000:105.296   Secure debug: enabled
T1090 000:105.304   CoreSight components:
T1090 000:105.312   ROMTbl[0] @ E00FE000
T1090 000:105.320   CPU_ReadMem(64 bytes @ 0xE00FE000)
T1090 000:105.842   CPU_ReadMem(32 bytes @ 0xE0044FE0)
T1090 000:106.212   CPU_ReadMem(4 bytes @ 0xE0044FBC)
T1090 000:106.484   CPU_ReadMem(4 bytes @ 0xE0044FCC)
T1090 000:106.709   [0][0]: E0044000 CID B105900D PID 005BB906 DEVARCH 00000000 DEVTYPE 14 CTI (?)
T1090 000:106.718   CPU_ReadMem(32 bytes @ 0xE0047FE0)
T1090 000:107.080   CPU_ReadMem(4 bytes @ 0xE0047FBC)
T1090 000:107.288   CPU_ReadMem(4 bytes @ 0xE0047FCC)
T1090 000:107.515   [0][1]: E0047000 CID B105900D PID 003BB908 DEVARCH 00000000 DEVTYPE 12 CSTF
T1090 000:107.523   CPU_ReadMem(32 bytes @ 0xE0048FE0)
T1090 000:107.887   CPU_ReadMem(4 bytes @ 0xE0048FBC)
T1090 000:108.092   CPU_ReadMem(4 bytes @ 0xE0048FCC)
T1090 000:108.339   [0][2]: E0048000 CID B105900D PID 001BB961 DEVARCH 00000000 DEVTYPE 21 TMC
T1090 000:108.350   CPU_ReadMem(32 bytes @ 0xE0049FE0)
T1090 000:108.736   [0][3]: E0049000 CID B105F00D PID 001BB101 TSG
T1090 000:108.754   CPU_ReadMem(32 bytes @ 0xE0040FE0)
T1090 000:109.112   CPU_ReadMem(4 bytes @ 0xE0040FBC)
T1090 000:109.344   CPU_ReadMem(4 bytes @ 0xE0040FCC)
T1090 000:109.573   [0][4]: E0040000 CID B105900D PID 000BBD21 DEVARCH 00000000 DEVTYPE 11 TPIU
T1090 000:109.581   CPU_ReadMem(32 bytes @ 0xE00FFFE0)
T1090 000:109.929   [0][5]: E00FF000 CID B105100D PID 000BB4C9 ROM Table
T1090 000:109.938   ROMTbl[1] @ E00FF000
T1090 000:109.946   CPU_ReadMem(64 bytes @ 0xE00FF000)
T1090 000:110.466   CPU_ReadMem(32 bytes @ 0xE000EFE0)
T1090 000:110.837   CPU_ReadMem(4 bytes @ 0xE000EFBC)
T1090 000:111.046   CPU_ReadMem(4 bytes @ 0xE000EFCC)
T1090 000:111.288   [1][0]: E000E000 CID B105900D PID 000BBD21 DEVARCH 47702A04 DEVTYPE 00 Cortex-M33
T1090 000:111.297   CPU_ReadMem(32 bytes @ 0xE0001FE0)
T1090 000:111.635   CPU_ReadMem(4 bytes @ 0xE0001FBC)
T1090 000:111.866   CPU_ReadMem(4 bytes @ 0xE0001FCC)
T1090 000:112.094   [1][1]: E0001000 CID B105900D PID 000BBD21 DEVARCH 47701A02 DEVTYPE 00 DWT
T1090 000:112.102   CPU_ReadMem(32 bytes @ 0xE0002FE0)
T1090 000:112.446   CPU_ReadMem(4 bytes @ 0xE0002FBC)
T1090 000:112.648   CPU_ReadMem(4 bytes @ 0xE0002FCC)
T1090 000:112.879   [1][2]: E0002000 CID B105900D PID 000BBD21 DEVARCH 47701A03 DEVTYPE 00 FPB
T1090 000:112.915   CPU_ReadMem(32 bytes @ 0xE0000FE0)
T1090 000:113.306   CPU_ReadMem(4 bytes @ 0xE0000FBC)
T1090 000:113.515   CPU_ReadMem(4 bytes @ 0xE0000FCC)
T1090 000:113.739   [1][3]: E0000000 CID B105900D PID 000BBD21 DEVARCH 47701A01 DEVTYPE 43 ITM
T1090 000:113.747   CPU_ReadMem(32 bytes @ 0xE0041FE0)
T1090 000:114.115   CPU_ReadMem(4 bytes @ 0xE0041FBC)
T1090 000:114.343   CPU_ReadMem(4 bytes @ 0xE0041FCC)
T1090 000:114.572   [1][5]: E0041000 CID B105900D PID 002BBD21 DEVARCH 47724A13 DEVTYPE 13 ETM
T1090 000:114.581   CPU_ReadMem(32 bytes @ 0xE0042FE0)
T1090 000:114.948   CPU_ReadMem(4 bytes @ 0xE0042FBC)
T1090 000:115.161   CPU_ReadMem(4 bytes @ 0xE0042FCC)
T1090 000:115.388   [1][6]: E0042000 CID B105900D PID 000BBD21 DEVARCH 47701A14 DEVTYPE 14 CSS600-CTI
T1090 000:115.424   CPU_ReadMem(4 bytes @ 0xE000EDF0)
T1090 000:115.628   Data:  01 00 10 01
T1090 000:115.636   Debug reg: DHCSR
T1090 000:115.645 - 28.605ms returns 0
T1090 000:115.678 JLINK_ReadMem(0x400E002C, 0x4 Bytes, ...)
T1090 000:115.685   CPU_ReadMem(4 bytes @ 0x400E002C)
T1090 000:115.930   Data:  02 00 00 00
T1090 000:115.942 - 0.264ms returns 0
T1090 000:115.967 JLINK_ReadMem(0xE000EDF0, 0x4 Bytes, ...)
T1090 000:115.975   CPU_ReadMem(4 bytes @ 0xE000EDF0)
T1090 000:116.190   Data:  01 00 10 01
T1090 000:116.199   Debug reg: DHCSR
T1090 000:116.207 - 0.240ms returns 0
T1090 000:116.231 JLINK_ReadMem(0xE000EDF0, 0x4 Bytes, ...)
T1090 000:116.237   CPU_ReadMem(4 bytes @ 0xE000EDF0)
T1090 000:116.481   Data:  01 00 10 01
T1090 000:116.489   Debug reg: DHCSR
T1090 000:116.497 - 0.266ms returns 0
T1090 000:116.504 JLINK_ReadMem(0x400E001C, 0x4 Bytes, ...)
T1090 000:116.510   CPU_ReadMem(4 bytes @ 0x400E001C)
T1090 000:116.708   Data:  00 FC FF 00
T1090 000:116.719 - 0.214ms returns 0
T1090 000:116.728 JLINK_ReadMem(0xE000EDF0, 0x4 Bytes, ...)
T1090 000:116.735   CPU_ReadMem(4 bytes @ 0xE000EDF0)
T1090 000:116.941   Data:  01 00 10 01
T1090 000:116.950   Debug reg: DHCSR
T1090 000:116.958 - 0.229ms returns 0
T1090 000:116.965 JLINK_ReadMem(0x400E0018, 0x4 Bytes, ...)
T1090 000:116.971   CPU_ReadMem(4 bytes @ 0x400E0018)
T1090 000:117.292   Data:  00 80 FF 00
T1090 000:117.307 - 0.341ms returns 0
T1090 000:117.321 JLINK_ReadMem(0xE000EDF0, 0x4 Bytes, ...)
T1090 000:117.330   CPU_ReadMem(4 bytes @ 0xE000EDF0)
T1090 000:117.559   Data:  01 00 10 01
T1090 000:117.571   Debug reg: DHCSR
T1090 000:117.579 - 0.258ms returns 0
T1090 000:117.587 JLINK_ReadMem(0x400E0020, 0x4 Bytes, ...)
T1090 000:117.594   CPU_ReadMem(4 bytes @ 0x400E0020)
T1090 000:117.808   Data:  00 FC 00 00
T1090 000:117.816 - 0.229ms returns 0
T1090 000:117.826 JLINK_ReadMem(0xE000EDF0, 0x4 Bytes, ...)
T1090 000:117.832   CPU_ReadMem(4 bytes @ 0xE000EDF0)
T1090 000:118.044   Data:  01 00 10 01
T1090 000:118.055   Debug reg: DHCSR
T1090 000:118.064 - 0.238ms returns 0
T1090 000:118.072 JLINK_ReadMem(0x400E0028, 0x4 Bytes, ...)
T1090 000:118.079   CPU_ReadMem(4 bytes @ 0x400E0028)
T1090 000:118.335   Data:  00 FC 1F 00
T1090 000:118.346 - 0.274ms returns 0
T1090 000:118.356 JLINK_ReadMem(0xE000EDF0, 0x4 Bytes, ...)
T1090 000:118.362   CPU_ReadMem(4 bytes @ 0xE000EDF0)
T1090 000:118.567   Data:  01 00 10 01
T1090 000:118.576   Debug reg: DHCSR
T1090 000:118.583 - 0.227ms returns 0
T1090 000:118.590 JLINK_ReadMem(0x400E0024, 0x4 Bytes, ...)
T1090 000:118.597   CPU_ReadMem(4 bytes @ 0x400E0024)
T1090 000:118.803   Data:  00 E0 1F 00
T1090 000:118.811 - 0.221ms returns 0
T1090 000:118.820 JLINK_ReadMem(0xE000EDF0, 0x4 Bytes, ...)
T1090 000:118.826   CPU_ReadMem(4 bytes @ 0xE000EDF0)
T1090 000:119.072   Data:  01 00 10 01
T1090 000:119.081   Debug reg: DHCSR
T1090 000:119.088 - 0.268ms returns 0
T1090 000:119.095 JLINK_ReadMem(0x400E002C, 0x4 Bytes, ...)
T1090 000:119.102   CPU_ReadMem(4 bytes @ 0x400E002C)
T1090 000:119.332   Data:  02 00 00 00
T1090 000:119.341 - 0.245ms returns 0
T1090 000:119.349 JLINK_ReadMem(0xE000EDF0, 0x4 Bytes, ...)
T1090 000:119.354   CPU_ReadMem(4 bytes @ 0xE000EDF0)
T1090 000:119.560   Data:  01 00 10 01
T1090 000:119.568   Debug reg: DHCSR
T1090 000:119.576 - 0.227ms returns 0
T1090 000:119.583 JLINK_ReadMem(0x400E002C, 0x4 Bytes, ...)
T1090 000:119.589   CPU_ReadMem(4 bytes @ 0x400E002C)
T1090 000:119.804   Data:  02 00 00 00
T1090 000:119.812 - 0.229ms returns 0
T1090 000:122.957 JLINK_Close()
T1090 000:138.334 - 15.376ms
T1090 000:138.361   
T1090 000:138.367   Closed
