T7168 000:000.530   SEGGER J-Link V8.12f Log File
T7168 000:000.670   DLL Compiled: Feb 12 2025 13:34:40
T7168 000:000.685   Logging started @ 2025-07-31 15:37
T7168 000:000.698   Process: C:\Users\a8456\.eclipse\com.renesas.platform_1713588285\DebugComp\RA\e2-server-gdb.exe
T7168 000:000.716 - 0.712ms 
T7168 000:000.735 JLINK_GetDLLVersion()
T7168 000:000.748 - 0.014ms returns 81206
T7168 000:002.331 JLINK_OpenEx(...)
T7168 000:008.902   Firmware: J-Link V9 compiled May  7 2021 16:26:12
T7168 000:009.569   Firmware: J-Link V9 compiled May  7 2021 16:26:12
T7168 000:009.719   Decompressing FW timestamp took 91 us
T7168 000:014.974   Hardware: V9.60
T7168 000:015.007   S/N: 69660718
T7168 000:015.027   OEM: SEGGER
T7168 000:015.175   Feature(s): RDI, GDB, FlashDL, FlashBP, JFlash
T7168 000:015.650   Bootloader: (FW returned invalid version)
T7168 000:016.201   TELNET listener socket opened on port 19021
T7168 000:016.308   WEBSRV WEBSRV_Init(): Starting webserver thread(s)
T7168 000:016.425   WEBSRV Webserver running on local port 19080
T7168 000:016.519   Looking for J-Link GUI Server exe at: C:\Users\a8456\.eclipse\com.renesas.platform_1713588285\DebugComp\RA\ARM\Segger_v8.12.6\JLinkGUIServer.exe
T7168 000:016.596   Looking for J-Link GUI Server exe at: C:\Program Files\SEGGER\JLink_V818\JLinkGUIServer.exe
T7168 000:016.621   Forking J-Link GUI Server: C:\Program Files\SEGGER\JLink_V818\JLinkGUIServer.exe
T7168 000:103.363   J-Link GUI Server info: "J-Link GUI server V8.18 "
T7168 000:105.555 - 103.221ms returns "O.K."
T7168 000:105.657 JLINK_ExecCommand("ProjectFile=C:\Users\a8456\e2_studio\workspace\RA4M2_MINI_Project12/RA4M2_MINI_Project12 Debug_Flat.jlink", ...). 
T7168 000:125.271 - 19.618ms returns 0x00
T7168 000:125.503 JLINK_ExecCommand("device=R7FA4M2AD", ...). 
T7168 000:125.638   Flash bank @ 0x0100A100: SFL: Parsing sectorization info from ELF file
T7168 000:125.648     FlashDevice.SectorInfo[0]: .SectorSize = 0x00000010, .SectorStartAddr = 0x00000000
T7168 000:125.657   FlashBank @0x0100A100: Sectorization info from SFL ELF file ignored because sectorization override from DLL / XML file is active.
T7168 000:125.856   Flash bank @ 0x60000000: SFL: Parsing sectorization info from ELF file
T7168 000:125.866     FlashDevice.SectorInfo[0]: .SectorSize = 0x00010000, .SectorStartAddr = 0x00000000
T7168 000:129.312   Device "R7FA4M2AD" selected.
T7168 000:129.595 - 4.081ms returns 0x00
T7168 000:129.610 JLINK_TIF_GetAvailable(...)
T7168 000:129.759 - 0.149ms 
T7168 000:129.781 JLINK_TIF_Select(JLINKARM_TIF_SWD)
T7168 000:130.234 - 0.452ms returns 0x00
T7168 000:130.250 JLINK_SetSpeed(4000)
T7168 000:130.321 - 0.071ms 
T7168 000:130.359 JLINK_ReadMem(0xE000EDF0, 0x4 Bytes, ...)
T7168 000:130.525   ConfigTargetSettings() start
T7168 000:130.546    J-Link Script File: Executing ConfigTargetSettings()
T7168 000:130.560   Configuring FlashDLNoRMWThreshold=0x200 in order to make sure that option bytes programming is done via read-modify-write
T7168 000:136.654   ConfigTargetSettings() end - Took 6.10ms
T7168 000:136.670   InitTarget() start
T7168 000:136.679    J-Link Script File: Executing InitTarget()
T7168 000:136.686   SWD selected. Executing JTAG -> SWD switching sequence.
T7168 000:138.057   DAP initialized successfully.
T7168 000:138.072   Determining TrustZone configuration...
T7168 000:138.880     Secure Debug: Enabled (SSD)
T7168 000:138.891   Determining currently configured transfer type by reading the AHB-AP CSW register.
T7168 000:139.459     --> Correct transfer type configured. Done.
T7168 000:139.476   InitTarget() end - Took 2.79ms
T7168 000:139.932   Found SW-DP with ID 0x6BA02477
T7168 000:141.705   DPIDR: 0x6BA02477
T7168 000:141.722   CoreSight SoC-400 or earlier
T7168 000:141.734   Scanning AP map to find all available APs
T7168 000:142.473   AP[2]: Stopped AP scan as end of AP map has been reached
T7168 000:142.484   AP[0]: AHB-AP (IDR: 0x84770001, ADDR: 0x00000000)
T7168 000:142.492   AP[1]: APB-AP (IDR: 0x54770002, ADDR: 0x01000000)
T7168 000:142.500   Iterating through AP map to find AHB-AP to use
T7168 000:143.276   AP[0]: Core found
T7168 000:143.284   AP[0]: AHB-AP ROM base: 0xE00FE000
T7168 000:143.666   CPUID register: 0x410FD214. Implementer code: 0x41 (ARM)
T7168 000:143.681   Feature set: Mainline
T7168 000:144.091   Cache: No cache
T7168 000:144.109   Found Cortex-M33 r0p4, Little endian.
T7168 000:144.343   -- Max. mem block: 0x00010A88
T7168 000:144.836   
  ***** Warning: 
T7168 000:144.861   Cortex-M (ARMv8-M and later): The connected J-Link (S/N 69660718) uses an old firmware module that does not handle I/D-cache correctly. Proper debugging functionality cannot be guaranteed if cache is enabled
T7168 000:144.893   CPU_ReadMem(4 bytes @ 0xE000EDF0)
T7168 000:145.146   CPU_WriteMem(4 bytes @ 0xE000EDF0)
T7168 000:145.460   CPU_ReadMem(4 bytes @ 0xE0002000)
T7168 000:145.678   FPUnit: 8 code (BP) slots and 0 literal slots
T7168 000:145.687   CPU_ReadMem(4 bytes @ 0xE000EDFC)
T7168 000:145.904   CPU_WriteMem(4 bytes @ 0xE000EDFC)
T7168 000:146.128   CPU_ReadMem(4 bytes @ 0xE0001000)
T7168 000:146.335   CPU_ReadMem(4 bytes @ 0xE0001000)
T7168 000:146.636   CPU_ReadMem(4 bytes @ 0xE0001028)
T7168 000:146.881   CPU_ReadMem(4 bytes @ 0xE0001038)
T7168 000:147.110   CPU_ReadMem(4 bytes @ 0xE0001048)
T7168 000:147.345   CPU_ReadMem(4 bytes @ 0xE0001058)
T7168 000:147.635   CPU_WriteMem(4 bytes @ 0xE0001000)
T7168 000:147.878   CPU_ReadMem(4 bytes @ 0xE000ED88)
T7168 000:148.084   CPU_WriteMem(4 bytes @ 0xE000ED88)
T7168 000:148.327   CPU_ReadMem(4 bytes @ 0xE000ED88)
T7168 000:148.548   CPU_WriteMem(4 bytes @ 0xE000ED88)
T7168 000:148.765   CPU_ReadMem(4 bytes @ 0xE000EFB8)
T7168 000:148.995   Security extension: implemented
T7168 000:149.003   Secure debug: enabled
T7168 000:149.011   CoreSight components:
T7168 000:149.018   ROMTbl[0] @ E00FE000
T7168 000:149.026   CPU_ReadMem(64 bytes @ 0xE00FE000)
T7168 000:149.548   CPU_ReadMem(32 bytes @ 0xE0044FE0)
T7168 000:149.899   CPU_ReadMem(4 bytes @ 0xE0044FBC)
T7168 000:150.107   CPU_ReadMem(4 bytes @ 0xE0044FCC)
T7168 000:150.346   [0][0]: E0044000 CID B105900D PID 005BB906 DEVARCH 00000000 DEVTYPE 14 CTI (?)
T7168 000:150.355   CPU_ReadMem(32 bytes @ 0xE0047FE0)
T7168 000:150.785   CPU_ReadMem(4 bytes @ 0xE0047FBC)
T7168 000:151.012   CPU_ReadMem(4 bytes @ 0xE0047FCC)
T7168 000:151.242   [0][1]: E0047000 CID B105900D PID 003BB908 DEVARCH 00000000 DEVTYPE 12 CSTF
T7168 000:151.250   CPU_ReadMem(32 bytes @ 0xE0048FE0)
T7168 000:151.604   CPU_ReadMem(4 bytes @ 0xE0048FBC)
T7168 000:151.842   CPU_ReadMem(4 bytes @ 0xE0048FCC)
T7168 000:152.050   [0][2]: E0048000 CID B105900D PID 001BB961 DEVARCH 00000000 DEVTYPE 21 TMC
T7168 000:152.059   CPU_ReadMem(32 bytes @ 0xE0049FE0)
T7168 000:152.482   [0][3]: E0049000 CID B105F00D PID 001BB101 TSG
T7168 000:152.492   CPU_ReadMem(32 bytes @ 0xE0040FE0)
T7168 000:152.853   CPU_ReadMem(4 bytes @ 0xE0040FBC)
T7168 000:153.055   CPU_ReadMem(4 bytes @ 0xE0040FCC)
T7168 000:153.276   [0][4]: E0040000 CID B105900D PID 000BBD21 DEVARCH 00000000 DEVTYPE 11 TPIU
T7168 000:153.284   CPU_ReadMem(32 bytes @ 0xE00FFFE0)
T7168 000:153.649   [0][5]: E00FF000 CID B105100D PID 000BB4C9 ROM Table
T7168 000:153.661   ROMTbl[1] @ E00FF000
T7168 000:153.670   CPU_ReadMem(64 bytes @ 0xE00FF000)
T7168 000:154.178   CPU_ReadMem(32 bytes @ 0xE000EFE0)
T7168 000:154.541   CPU_ReadMem(4 bytes @ 0xE000EFBC)
T7168 000:154.790   CPU_ReadMem(4 bytes @ 0xE000EFCC)
T7168 000:155.010   [1][0]: E000E000 CID B105900D PID 000BBD21 DEVARCH 47702A04 DEVTYPE 00 Cortex-M33
T7168 000:155.020   CPU_ReadMem(32 bytes @ 0xE0001FE0)
T7168 000:155.362   CPU_ReadMem(4 bytes @ 0xE0001FBC)
T7168 000:155.634   CPU_ReadMem(4 bytes @ 0xE0001FCC)
T7168 000:155.867   [1][1]: E0001000 CID B105900D PID 000BBD21 DEVARCH 47701A02 DEVTYPE 00 DWT
T7168 000:155.878   CPU_ReadMem(32 bytes @ 0xE0002FE0)
T7168 000:156.235   CPU_ReadMem(4 bytes @ 0xE0002FBC)
T7168 000:156.458   CPU_ReadMem(4 bytes @ 0xE0002FCC)
T7168 000:156.690   [1][2]: E0002000 CID B105900D PID 000BBD21 DEVARCH 47701A03 DEVTYPE 00 FPB
T7168 000:156.735   CPU_ReadMem(32 bytes @ 0xE0000FE0)
T7168 000:157.112   CPU_ReadMem(4 bytes @ 0xE0000FBC)
T7168 000:157.368   CPU_ReadMem(4 bytes @ 0xE0000FCC)
T7168 000:157.626   [1][3]: E0000000 CID B105900D PID 000BBD21 DEVARCH 47701A01 DEVTYPE 43 ITM
T7168 000:157.637   CPU_ReadMem(32 bytes @ 0xE0041FE0)
T7168 000:158.006   CPU_ReadMem(4 bytes @ 0xE0041FBC)
T7168 000:158.215   CPU_ReadMem(4 bytes @ 0xE0041FCC)
T7168 000:158.462   [1][5]: E0041000 CID B105900D PID 002BBD21 DEVARCH 47724A13 DEVTYPE 13 ETM
T7168 000:158.473   CPU_ReadMem(32 bytes @ 0xE0042FE0)
T7168 000:158.853   CPU_ReadMem(4 bytes @ 0xE0042FBC)
T7168 000:159.229   CPU_ReadMem(4 bytes @ 0xE0042FCC)
T7168 000:159.512   [1][6]: E0042000 CID B105900D PID 000BBD21 DEVARCH 47701A14 DEVTYPE 14 CSS600-CTI
T7168 000:159.592   CPU_ReadMem(4 bytes @ 0xE000EDF0)
T7168 000:159.882   Data:  01 00 10 01
T7168 000:159.914   Debug reg: DHCSR
T7168 000:159.924 - 29.564ms returns 0
T7168 000:159.973 JLINK_ReadMem(0x400E002C, 0x4 Bytes, ...)
T7168 000:159.984   CPU_ReadMem(4 bytes @ 0x400E002C)
T7168 000:160.219   Data:  01 00 00 00
T7168 000:160.227 - 0.254ms returns 0
T7168 000:160.252 JLINK_ReadMem(0xE000EDF0, 0x4 Bytes, ...)
T7168 000:160.259   CPU_ReadMem(4 bytes @ 0xE000EDF0)
T7168 000:160.458   Data:  01 00 10 01
T7168 000:160.466   Debug reg: DHCSR
T7168 000:160.474 - 0.222ms returns 0
T7168 000:160.497 JLINK_ReadMem(0xE000EDF0, 0x4 Bytes, ...)
T7168 000:160.503   CPU_ReadMem(4 bytes @ 0xE000EDF0)
T7168 000:160.704   Data:  01 00 10 01
T7168 000:160.713   Debug reg: DHCSR
T7168 000:160.720 - 0.223ms returns 0
T7168 000:160.727 JLINK_ReadMem(0x400E001C, 0x4 Bytes, ...)
T7168 000:160.733   CPU_ReadMem(4 bytes @ 0x400E001C)
T7168 000:160.937   Data:  00 FC FF 00
T7168 000:160.951 - 0.223ms returns 0
T7168 000:160.964 JLINK_ReadMem(0xE000EDF0, 0x4 Bytes, ...)
T7168 000:160.972   CPU_ReadMem(4 bytes @ 0xE000EDF0)
T7168 000:161.223   Data:  01 00 10 01
T7168 000:161.235   Debug reg: DHCSR
T7168 000:161.243 - 0.279ms returns 0
T7168 000:161.251 JLINK_ReadMem(0x400E0018, 0x4 Bytes, ...)
T7168 000:161.257   CPU_ReadMem(4 bytes @ 0x400E0018)
T7168 000:161.458   Data:  00 80 FF 00
T7168 000:161.466 - 0.215ms returns 0
T7168 000:161.475 JLINK_ReadMem(0xE000EDF0, 0x4 Bytes, ...)
T7168 000:161.482   CPU_ReadMem(4 bytes @ 0xE000EDF0)
T7168 000:161.698   Data:  01 00 10 01
T7168 000:161.707   Debug reg: DHCSR
T7168 000:161.714 - 0.239ms returns 0
T7168 000:161.721 JLINK_ReadMem(0x400E0020, 0x4 Bytes, ...)
T7168 000:161.727   CPU_ReadMem(4 bytes @ 0x400E0020)
T7168 000:161.929   Data:  00 FC 00 00
T7168 000:161.940 - 0.219ms returns 0
T7168 000:161.950 JLINK_ReadMem(0xE000EDF0, 0x4 Bytes, ...)
T7168 000:161.957   CPU_ReadMem(4 bytes @ 0xE000EDF0)
T7168 000:162.220   Data:  01 00 10 01
T7168 000:162.228   Debug reg: DHCSR
T7168 000:162.236 - 0.286ms returns 0
T7168 000:162.243 JLINK_ReadMem(0x400E0028, 0x4 Bytes, ...)
T7168 000:162.249   CPU_ReadMem(4 bytes @ 0x400E0028)
T7168 000:162.460   Data:  00 FC 1F 00
T7168 000:162.469 - 0.225ms returns 0
T7168 000:162.477 JLINK_ReadMem(0xE000EDF0, 0x4 Bytes, ...)
T7168 000:162.484   CPU_ReadMem(4 bytes @ 0xE000EDF0)
T7168 000:162.699   Data:  01 00 10 01
T7168 000:162.707   Debug reg: DHCSR
T7168 000:162.715 - 0.237ms returns 0
T7168 000:162.721 JLINK_ReadMem(0x400E0024, 0x4 Bytes, ...)
T7168 000:162.727   CPU_ReadMem(4 bytes @ 0x400E0024)
T7168 000:162.934   Data:  00 E0 1F 00
T7168 000:162.945 - 0.223ms returns 0
T7168 000:162.955 JLINK_ReadMem(0xE000EDF0, 0x4 Bytes, ...)
T7168 000:162.961   CPU_ReadMem(4 bytes @ 0xE000EDF0)
T7168 000:163.224   Data:  01 00 10 01
T7168 000:163.239   Debug reg: DHCSR
T7168 000:163.247 - 0.291ms returns 0
T7168 000:163.256 JLINK_ReadMem(0x400E002C, 0x4 Bytes, ...)
T7168 000:163.264   CPU_ReadMem(4 bytes @ 0x400E002C)
T7168 000:163.490   Data:  01 00 00 00
T7168 000:163.502 - 0.246ms returns 0
T7168 000:172.083 JLINK_Close()
T7168 000:186.707 - 14.623ms
T7168 000:186.729   
T7168 000:186.735   Closed
