T8BFC 000:000.594   SEGGER J-Link V8.12f Log File
T8BFC 000:000.722   DLL Compiled: Feb 12 2025 13:34:40
T8BFC 000:000.735   Logging started @ 2025-07-30 16:28
T8BFC 000:000.749   Process: C:\Users\a8456\.eclipse\com.renesas.platform_1713588285\DebugComp\RA\e2-server-gdb.exe
T8BFC 000:000.765 - 0.762ms 
T8BFC 000:000.784 JLINK_GetDLLVersion()
T8BFC 000:000.801 - 0.017ms returns 81206
T8BFC 000:002.865 JLINK_OpenEx(...)
T8BFC 000:009.139   Firmware: J-Link V9 compiled May  7 2021 16:26:12
T8BFC 000:009.741   Firmware: J-Link V9 compiled May  7 2021 16:26:12
T8BFC 000:009.881   Decompressing FW timestamp took 92 us
T8BFC 000:015.316   Hardware: V9.60
T8BFC 000:015.352   S/N: 69660718
T8BFC 000:015.372   OEM: SEGGER
T8BFC 000:015.548   Feature(s): RDI, GDB, FlashDL, FlashBP, JFlash
T8BFC 000:015.967   Bootloader: (FW returned invalid version)
T8BFC 000:016.667   TELNET listener socket opened on port 19021
T8BFC 000:016.787   WEBSRV WEBSRV_Init(): Starting webserver thread(s)
T8BFC 000:017.097   WEBSRV Webserver running on local port 19080
T8BFC 000:017.226   Looking for J-Link GUI Server exe at: C:\Users\a8456\.eclipse\com.renesas.platform_1713588285\DebugComp\RA\ARM\Segger_v8.12.6\JLinkGUIServer.exe
T8BFC 000:017.311   Looking for J-Link GUI Server exe at: C:\Program Files\SEGGER\JLink_V818\JLinkGUIServer.exe
T8BFC 000:017.340   Forking J-Link GUI Server: C:\Program Files\SEGGER\JLink_V818\JLinkGUIServer.exe
T8BFC 000:121.595   J-Link GUI Server info: "J-Link GUI server V8.18 "
T8BFC 000:122.600 - 119.730ms returns "O.K."
T8BFC 000:122.722 JLINK_ExecCommand("ProjectFile=C:\Users\a8456\e2_studio\workspace\RA4M2_MINI_Project10/RA4M2_MINI_Project10 Debug_Flat.jlink", ...). 
T8BFC 000:146.717 - 24.000ms returns 0x00
T8BFC 000:146.952 JLINK_ExecCommand("device=R7FA4M2AD", ...). 
T8BFC 000:147.099   Flash bank @ 0x0100A100: SFL: Parsing sectorization info from ELF file
T8BFC 000:147.110     FlashDevice.SectorInfo[0]: .SectorSize = 0x00000010, .SectorStartAddr = 0x00000000
T8BFC 000:147.139   FlashBank @0x0100A100: Sectorization info from SFL ELF file ignored because sectorization override from DLL / XML file is active.
T8BFC 000:147.346   Flash bank @ 0x60000000: SFL: Parsing sectorization info from ELF file
T8BFC 000:147.357     FlashDevice.SectorInfo[0]: .SectorSize = 0x00010000, .SectorStartAddr = 0x00000000
T8BFC 000:151.331   Device "R7FA4M2AD" selected.
T8BFC 000:151.809 - 4.846ms returns 0x00
T8BFC 000:151.828 JLINK_TIF_GetAvailable(...)
T8BFC 000:151.978 - 0.149ms 
T8BFC 000:152.015 JLINK_TIF_Select(JLINKARM_TIF_SWD)
T8BFC 000:152.409 - 0.393ms returns 0x00
T8BFC 000:152.424 JLINK_SetSpeed(4000)
T8BFC 000:152.474 - 0.052ms 
T8BFC 000:152.494 JLINK_ReadMem(0xE000EDF0, 0x4 Bytes, ...)
T8BFC 000:152.596   ConfigTargetSettings() start
T8BFC 000:152.610    J-Link Script File: Executing ConfigTargetSettings()
T8BFC 000:152.618   Configuring FlashDLNoRMWThreshold=0x200 in order to make sure that option bytes programming is done via read-modify-write
T8BFC 000:160.008   ConfigTargetSettings() end - Took 7.39ms
T8BFC 000:160.024   InitTarget() start
T8BFC 000:160.033    J-Link Script File: Executing InitTarget()
T8BFC 000:160.039   SWD selected. Executing JTAG -> SWD switching sequence.
T8BFC 000:161.309   DAP initialized successfully.
T8BFC 000:161.328   Determining TrustZone configuration...
T8BFC 000:162.200     Secure Debug: Enabled (SSD)
T8BFC 000:162.211   Determining currently configured transfer type by reading the AHB-AP CSW register.
T8BFC 000:162.704     --> Correct transfer type configured. Done.
T8BFC 000:162.716   InitTarget() end - Took 2.68ms
T8BFC 000:163.120   Found SW-DP with ID 0x6BA02477
T8BFC 000:164.679   DPIDR: 0x6BA02477
T8BFC 000:164.690   CoreSight SoC-400 or earlier
T8BFC 000:164.700   Scanning AP map to find all available APs
T8BFC 000:165.358   AP[2]: Stopped AP scan as end of AP map has been reached
T8BFC 000:165.372   AP[0]: AHB-AP (IDR: 0x84770001, ADDR: 0x00000000)
T8BFC 000:165.381   AP[1]: APB-AP (IDR: 0x54770002, ADDR: 0x01000000)
T8BFC 000:165.389   Iterating through AP map to find AHB-AP to use
T8BFC 000:166.074   AP[0]: Core found
T8BFC 000:166.083   AP[0]: AHB-AP ROM base: 0xE00FE000
T8BFC 000:166.425   CPUID register: 0x410FD214. Implementer code: 0x41 (ARM)
T8BFC 000:166.437   Feature set: Mainline
T8BFC 000:166.766   Cache: No cache
T8BFC 000:166.777   Found Cortex-M33 r0p4, Little endian.
T8BFC 000:166.995   -- Max. mem block: 0x00010A88
T8BFC 000:167.401   
  ***** Warning: 
T8BFC 000:167.411   Cortex-M (ARMv8-M and later): The connected J-Link (S/N 69660718) uses an old firmware module that does not handle I/D-cache correctly. Proper debugging functionality cannot be guaranteed if cache is enabled
T8BFC 000:167.430   CPU_ReadMem(4 bytes @ 0xE000EDF0)
T8BFC 000:167.679   CPU_WriteMem(4 bytes @ 0xE000EDF0)
T8BFC 000:167.904   CPU_ReadMem(4 bytes @ 0xE0002000)
T8BFC 000:168.201   FPUnit: 8 code (BP) slots and 0 literal slots
T8BFC 000:168.210   CPU_ReadMem(4 bytes @ 0xE000EDFC)
T8BFC 000:168.408   CPU_WriteMem(4 bytes @ 0xE000EDFC)
T8BFC 000:168.625   CPU_ReadMem(4 bytes @ 0xE0001000)
T8BFC 000:168.857   CPU_ReadMem(4 bytes @ 0xE0001000)
T8BFC 000:169.096   CPU_ReadMem(4 bytes @ 0xE0001028)
T8BFC 000:169.393   CPU_ReadMem(4 bytes @ 0xE0001038)
T8BFC 000:169.611   CPU_ReadMem(4 bytes @ 0xE0001048)
T8BFC 000:169.829   CPU_ReadMem(4 bytes @ 0xE0001058)
T8BFC 000:170.053   CPU_WriteMem(4 bytes @ 0xE0001000)
T8BFC 000:170.331   CPU_ReadMem(4 bytes @ 0xE000ED88)
T8BFC 000:170.589   CPU_WriteMem(4 bytes @ 0xE000ED88)
T8BFC 000:170.829   CPU_ReadMem(4 bytes @ 0xE000ED88)
T8BFC 000:171.052   CPU_WriteMem(4 bytes @ 0xE000ED88)
T8BFC 000:171.288   CPU_ReadMem(4 bytes @ 0xE000EFB8)
T8BFC 000:171.503   Security extension: implemented
T8BFC 000:171.513   Secure debug: enabled
T8BFC 000:171.521   CoreSight components:
T8BFC 000:171.529   ROMTbl[0] @ E00FE000
T8BFC 000:171.537   CPU_ReadMem(64 bytes @ 0xE00FE000)
T8BFC 000:172.052   CPU_ReadMem(32 bytes @ 0xE0044FE0)
T8BFC 000:172.403   CPU_ReadMem(4 bytes @ 0xE0044FBC)
T8BFC 000:172.641   CPU_ReadMem(4 bytes @ 0xE0044FCC)
T8BFC 000:172.891   [0][0]: E0044000 CID B105900D PID 005BB906 DEVARCH 00000000 DEVTYPE 14 CTI (?)
T8BFC 000:172.904   CPU_ReadMem(32 bytes @ 0xE0047FE0)
T8BFC 000:173.251   CPU_ReadMem(4 bytes @ 0xE0047FBC)
T8BFC 000:173.477   CPU_ReadMem(4 bytes @ 0xE0047FCC)
T8BFC 000:173.705   [0][1]: E0047000 CID B105900D PID 003BB908 DEVARCH 00000000 DEVTYPE 12 CSTF
T8BFC 000:173.714   CPU_ReadMem(32 bytes @ 0xE0048FE0)
T8BFC 000:174.075   CPU_ReadMem(4 bytes @ 0xE0048FBC)
T8BFC 000:174.396   CPU_ReadMem(4 bytes @ 0xE0048FCC)
T8BFC 000:174.696   [0][2]: E0048000 CID B105900D PID 001BB961 DEVARCH 00000000 DEVTYPE 21 TMC
T8BFC 000:174.730   CPU_ReadMem(32 bytes @ 0xE0049FE0)
T8BFC 000:175.126   [0][3]: E0049000 CID B105F00D PID 001BB101 TSG
T8BFC 000:175.144   CPU_ReadMem(32 bytes @ 0xE0040FE0)
T8BFC 000:175.527   CPU_ReadMem(4 bytes @ 0xE0040FBC)
T8BFC 000:175.768   CPU_ReadMem(4 bytes @ 0xE0040FCC)
T8BFC 000:176.006   [0][4]: E0040000 CID B105900D PID 000BBD21 DEVARCH 00000000 DEVTYPE 11 TPIU
T8BFC 000:176.019   CPU_ReadMem(32 bytes @ 0xE00FFFE0)
T8BFC 000:176.374   [0][5]: E00FF000 CID B105100D PID 000BB4C9 ROM Table
T8BFC 000:176.387   ROMTbl[1] @ E00FF000
T8BFC 000:176.397   CPU_ReadMem(64 bytes @ 0xE00FF000)
T8BFC 000:176.931   CPU_ReadMem(32 bytes @ 0xE000EFE0)
T8BFC 000:177.336   CPU_ReadMem(4 bytes @ 0xE000EFBC)
T8BFC 000:177.563   CPU_ReadMem(4 bytes @ 0xE000EFCC)
T8BFC 000:177.782   [1][0]: E000E000 CID B105900D PID 000BBD21 DEVARCH 47702A04 DEVTYPE 00 Cortex-M33
T8BFC 000:177.791   CPU_ReadMem(32 bytes @ 0xE0001FE0)
T8BFC 000:178.142   CPU_ReadMem(4 bytes @ 0xE0001FBC)
T8BFC 000:178.399   CPU_ReadMem(4 bytes @ 0xE0001FCC)
T8BFC 000:178.625   [1][1]: E0001000 CID B105900D PID 000BBD21 DEVARCH 47701A02 DEVTYPE 00 DWT
T8BFC 000:178.635   CPU_ReadMem(32 bytes @ 0xE0002FE0)
T8BFC 000:178.980   CPU_ReadMem(4 bytes @ 0xE0002FBC)
T8BFC 000:179.201   CPU_ReadMem(4 bytes @ 0xE0002FCC)
T8BFC 000:179.401   [1][2]: E0002000 CID B105900D PID 000BBD21 DEVARCH 47701A03 DEVTYPE 00 FPB
T8BFC 000:179.444   CPU_ReadMem(32 bytes @ 0xE0000FE0)
T8BFC 000:179.797   CPU_ReadMem(4 bytes @ 0xE0000FBC)
T8BFC 000:180.003   CPU_ReadMem(4 bytes @ 0xE0000FCC)
T8BFC 000:180.231   [1][3]: E0000000 CID B105900D PID 000BBD21 DEVARCH 47701A01 DEVTYPE 43 ITM
T8BFC 000:180.240   CPU_ReadMem(32 bytes @ 0xE0041FE0)
T8BFC 000:180.599   CPU_ReadMem(4 bytes @ 0xE0041FBC)
T8BFC 000:180.805   CPU_ReadMem(4 bytes @ 0xE0041FCC)
T8BFC 000:181.025   [1][5]: E0041000 CID B105900D PID 002BBD21 DEVARCH 47724A13 DEVTYPE 13 ETM
T8BFC 000:181.033   CPU_ReadMem(32 bytes @ 0xE0042FE0)
T8BFC 000:181.396   CPU_ReadMem(4 bytes @ 0xE0042FBC)
T8BFC 000:181.600   CPU_ReadMem(4 bytes @ 0xE0042FCC)
T8BFC 000:181.817   [1][6]: E0042000 CID B105900D PID 000BBD21 DEVARCH 47701A14 DEVTYPE 14 CSS600-CTI
T8BFC 000:181.860   CPU_ReadMem(4 bytes @ 0xE000EDF0)
T8BFC 000:182.106   Data:  01 00 10 01
T8BFC 000:182.115   Debug reg: DHCSR
T8BFC 000:182.124 - 29.630ms returns 0
T8BFC 000:182.165 JLINK_ReadMem(0x400E002C, 0x4 Bytes, ...)
T8BFC 000:182.178   CPU_ReadMem(4 bytes @ 0x400E002C)
T8BFC 000:182.381   Data:  01 00 00 00
T8BFC 000:182.391 - 0.225ms returns 0
T8BFC 000:182.416 JLINK_ReadMem(0xE000EDF0, 0x4 Bytes, ...)
T8BFC 000:182.423   CPU_ReadMem(4 bytes @ 0xE000EDF0)
T8BFC 000:182.643   Data:  01 00 10 01
T8BFC 000:182.652   Debug reg: DHCSR
T8BFC 000:182.660 - 0.244ms returns 0
T8BFC 000:182.683 JLINK_ReadMem(0xE000EDF0, 0x4 Bytes, ...)
T8BFC 000:182.689   CPU_ReadMem(4 bytes @ 0xE000EDF0)
T8BFC 000:182.919   Data:  01 00 10 01
T8BFC 000:182.930   Debug reg: DHCSR
T8BFC 000:182.939 - 0.256ms returns 0
T8BFC 000:182.947 JLINK_ReadMem(0x400E001C, 0x4 Bytes, ...)
T8BFC 000:182.953   CPU_ReadMem(4 bytes @ 0x400E001C)
T8BFC 000:183.201   Data:  00 FC FF 00
T8BFC 000:183.210 - 0.263ms returns 0
T8BFC 000:183.221 JLINK_ReadMem(0xE000EDF0, 0x4 Bytes, ...)
T8BFC 000:183.228   CPU_ReadMem(4 bytes @ 0xE000EDF0)
T8BFC 000:183.440   Data:  01 00 10 01
T8BFC 000:183.449   Debug reg: DHCSR
T8BFC 000:183.457 - 0.235ms returns 0
T8BFC 000:183.464 JLINK_ReadMem(0x400E0018, 0x4 Bytes, ...)
T8BFC 000:183.470   CPU_ReadMem(4 bytes @ 0x400E0018)
T8BFC 000:183.672   Data:  00 80 FF 00
T8BFC 000:183.681 - 0.217ms returns 0
T8BFC 000:183.690 JLINK_ReadMem(0xE000EDF0, 0x4 Bytes, ...)
T8BFC 000:183.696   CPU_ReadMem(4 bytes @ 0xE000EDF0)
T8BFC 000:183.899   Data:  01 00 10 01
T8BFC 000:183.908   Debug reg: DHCSR
T8BFC 000:183.915 - 0.225ms returns 0
T8BFC 000:183.922 JLINK_ReadMem(0x400E0020, 0x4 Bytes, ...)
T8BFC 000:183.928   CPU_ReadMem(4 bytes @ 0x400E0020)
T8BFC 000:184.200   Data:  00 FC 00 00
T8BFC 000:184.209 - 0.286ms returns 0
T8BFC 000:184.217 JLINK_ReadMem(0xE000EDF0, 0x4 Bytes, ...)
T8BFC 000:184.223   CPU_ReadMem(4 bytes @ 0xE000EDF0)
T8BFC 000:184.440   Data:  01 00 10 01
T8BFC 000:184.448   Debug reg: DHCSR
T8BFC 000:184.456 - 0.239ms returns 0
T8BFC 000:184.463 JLINK_ReadMem(0x400E0028, 0x4 Bytes, ...)
T8BFC 000:184.469   CPU_ReadMem(4 bytes @ 0x400E0028)
T8BFC 000:184.669   Data:  00 FC 1F 00
T8BFC 000:184.678 - 0.214ms returns 0
T8BFC 000:184.686 JLINK_ReadMem(0xE000EDF0, 0x4 Bytes, ...)
T8BFC 000:184.692   CPU_ReadMem(4 bytes @ 0xE000EDF0)
T8BFC 000:184.901   Data:  01 00 10 01
T8BFC 000:184.911   Debug reg: DHCSR
T8BFC 000:184.920 - 0.234ms returns 0
T8BFC 000:184.928 JLINK_ReadMem(0x400E0024, 0x4 Bytes, ...)
T8BFC 000:184.934   CPU_ReadMem(4 bytes @ 0x400E0024)
T8BFC 000:185.253   Data:  00 E0 1F 00
T8BFC 000:185.263 - 0.335ms returns 0
T8BFC 000:185.273 JLINK_ReadMem(0xE000EDF0, 0x4 Bytes, ...)
T8BFC 000:185.280   CPU_ReadMem(4 bytes @ 0xE000EDF0)
T8BFC 000:185.486   Data:  01 00 10 01
T8BFC 000:185.495   Debug reg: DHCSR
T8BFC 000:185.503 - 0.230ms returns 0
T8BFC 000:185.510 JLINK_ReadMem(0x400E002C, 0x4 Bytes, ...)
T8BFC 000:185.516   CPU_ReadMem(4 bytes @ 0x400E002C)
T8BFC 000:185.757   Data:  01 00 00 00
T8BFC 000:185.816 - 0.306ms returns 0
T8BFC 000:193.788 JLINK_Close()
T8BFC 000:204.968 - 11.179ms
T8BFC 000:204.988   
T8BFC 000:204.993   Closed
