T2718 000:000.529   SEGGER J-Link V8.12f Log File
T2718 000:000.629   DLL Compiled: Feb 12 2025 13:34:40
T2718 000:000.643   Logging started @ 2025-07-30 08:37
T2718 000:000.656   Process: C:\Users\a8456\.eclipse\com.renesas.platform_1713588285\DebugComp\RA\e2-server-gdb.exe
T2718 000:000.673 - 0.669ms 
T2718 000:000.692 JLINK_GetDLLVersion()
T2718 000:000.705 - 0.014ms returns 81206
T2718 000:003.107 JLINK_OpenEx(...)
T2718 000:008.847   Firmware: J-Link V9 compiled May  7 2021 16:26:12
T2718 000:009.316   Firmware: J-Link V9 compiled May  7 2021 16:26:12
T2718 000:009.442   Decompressing FW timestamp took 88 us
T2718 000:014.783   Hardware: V9.60
T2718 000:014.811   S/N: 69660718
T2718 000:014.831   OEM: SEGGER
T2718 000:014.981   Feature(s): RDI, GDB, FlashDL, FlashBP, JFlash
T2718 000:015.361   Bootloader: (FW returned invalid version)
T2718 000:015.928   TELNET listener socket opened on port 19021
T2718 000:016.036   WEBSRV WEBSRV_Init(): Starting webserver thread(s)
T2718 000:016.140   WEBSRV Webserver running on local port 19080
T2718 000:016.292   Looking for J-Link GUI Server exe at: C:\Users\a8456\.eclipse\com.renesas.platform_1713588285\DebugComp\RA\ARM\Segger_v8.12.6\JLinkGUIServer.exe
T2718 000:016.368   Looking for J-Link GUI Server exe at: C:\Program Files\SEGGER\JLink_V818\JLinkGUIServer.exe
T2718 000:016.430   Forking J-Link GUI Server: C:\Program Files\SEGGER\JLink_V818\JLinkGUIServer.exe
T2718 000:101.991   J-Link GUI Server info: "J-Link GUI server V8.18 "
T2718 000:102.385 - 99.272ms returns "O.K."
T2718 000:102.493 JLINK_ExecCommand("ProjectFile=C:\Users\a8456\e2_studio\workspace\RA4M2_MINI_Project6/RA4M2_MINI_Project6 Debug_Flat.jlink", ...). 
T2718 000:123.639 - 21.149ms returns 0x00
T2718 000:123.868 JLINK_ExecCommand("device=R7FA4M2AD", ...). 
T2718 000:123.996   Flash bank @ 0x0100A100: SFL: Parsing sectorization info from ELF file
T2718 000:124.006     FlashDevice.SectorInfo[0]: .SectorSize = 0x00000010, .SectorStartAddr = 0x00000000
T2718 000:124.015   FlashBank @0x0100A100: Sectorization info from SFL ELF file ignored because sectorization override from DLL / XML file is active.
T2718 000:124.213   Flash bank @ 0x60000000: SFL: Parsing sectorization info from ELF file
T2718 000:124.224     FlashDevice.SectorInfo[0]: .SectorSize = 0x00010000, .SectorStartAddr = 0x00000000
T2718 000:127.253   Device "R7FA4M2AD" selected.
T2718 000:127.619 - 3.740ms returns 0x00
T2718 000:127.635 JLINK_TIF_GetAvailable(...)
T2718 000:127.788 - 0.152ms 
T2718 000:127.820 JLINK_TIF_Select(JLINKARM_TIF_SWD)
T2718 000:128.226 - 0.400ms returns 0x00
T2718 000:128.259 JLINK_SetSpeed(4000)
T2718 000:128.400 - 0.145ms 
T2718 000:128.441 JLINK_ReadMem(0xE000EDF0, 0x4 Bytes, ...)
T2718 000:128.609   ConfigTargetSettings() start
T2718 000:128.621    J-Link Script File: Executing ConfigTargetSettings()
T2718 000:128.629   Configuring FlashDLNoRMWThreshold=0x200 in order to make sure that option bytes programming is done via read-modify-write
T2718 000:133.352   ConfigTargetSettings() end - Took 4.73ms
T2718 000:133.364   InitTarget() start
T2718 000:133.383    J-Link Script File: Executing InitTarget()
T2718 000:133.391   SWD selected. Executing JTAG -> SWD switching sequence.
T2718 000:134.731   DAP initialized successfully.
T2718 000:134.743   Determining TrustZone configuration...
T2718 000:135.347     Secure Debug: Enabled (SSD)
T2718 000:135.362   Determining currently configured transfer type by reading the AHB-AP CSW register.
T2718 000:135.844     --> Correct transfer type configured. Done.
T2718 000:135.859   InitTarget() end - Took 2.47ms
T2718 000:136.331   Found SW-DP with ID 0x6BA02477
T2718 000:137.833   DPIDR: 0x6BA02477
T2718 000:137.843   CoreSight SoC-400 or earlier
T2718 000:137.852   Scanning AP map to find all available APs
T2718 000:138.404   AP[2]: Stopped AP scan as end of AP map has been reached
T2718 000:138.418   AP[0]: AHB-AP (IDR: 0x84770001, ADDR: 0x00000000)
T2718 000:138.427   AP[1]: APB-AP (IDR: 0x54770002, ADDR: 0x01000000)
T2718 000:138.435   Iterating through AP map to find AHB-AP to use
T2718 000:139.141   AP[0]: Core found
T2718 000:139.151   AP[0]: AHB-AP ROM base: 0xE00FE000
T2718 000:139.500   CPUID register: 0x410FD214. Implementer code: 0x41 (ARM)
T2718 000:139.514   Feature set: Mainline
T2718 000:139.889   Cache: No cache
T2718 000:139.901   Found Cortex-M33 r0p4, Little endian.
T2718 000:140.114   -- Max. mem block: 0x00010C40
T2718 000:140.498   
  ***** Warning: 
T2718 000:140.506   Cortex-M (ARMv8-M and later): The connected J-Link (S/N 69660718) uses an old firmware module that does not handle I/D-cache correctly. Proper debugging functionality cannot be guaranteed if cache is enabled
T2718 000:140.519   CPU_ReadMem(4 bytes @ 0xE000EDF0)
T2718 000:140.735   CPU_WriteMem(4 bytes @ 0xE000EDF0)
T2718 000:140.957   CPU_ReadMem(4 bytes @ 0xE0002000)
T2718 000:141.156   FPUnit: 8 code (BP) slots and 0 literal slots
T2718 000:141.165   CPU_ReadMem(4 bytes @ 0xE000EDFC)
T2718 000:141.363   CPU_WriteMem(4 bytes @ 0xE000EDFC)
T2718 000:141.588   CPU_ReadMem(4 bytes @ 0xE0001000)
T2718 000:141.783   CPU_ReadMem(4 bytes @ 0xE0001000)
T2718 000:141.980   CPU_ReadMem(4 bytes @ 0xE0001028)
T2718 000:142.178   CPU_ReadMem(4 bytes @ 0xE0001038)
T2718 000:142.386   CPU_ReadMem(4 bytes @ 0xE0001048)
T2718 000:142.588   CPU_ReadMem(4 bytes @ 0xE0001058)
T2718 000:142.784   CPU_WriteMem(4 bytes @ 0xE0001000)
T2718 000:142.992   CPU_ReadMem(4 bytes @ 0xE000ED88)
T2718 000:143.203   CPU_WriteMem(4 bytes @ 0xE000ED88)
T2718 000:143.425   CPU_ReadMem(4 bytes @ 0xE000ED88)
T2718 000:143.624   CPU_WriteMem(4 bytes @ 0xE000ED88)
T2718 000:143.922   CPU_ReadMem(4 bytes @ 0xE000EFB8)
T2718 000:144.128   Security extension: implemented
T2718 000:144.136   Secure debug: enabled
T2718 000:144.144   CoreSight components:
T2718 000:144.152   ROMTbl[0] @ E00FE000
T2718 000:144.160   CPU_ReadMem(64 bytes @ 0xE00FE000)
T2718 000:144.635   CPU_ReadMem(32 bytes @ 0xE0044FE0)
T2718 000:145.031   CPU_ReadMem(4 bytes @ 0xE0044FBC)
T2718 000:145.264   CPU_ReadMem(4 bytes @ 0xE0044FCC)
T2718 000:145.464   [0][0]: E0044000 CID B105900D PID 005BB906 DEVARCH 00000000 DEVTYPE 14 CTI (?)
T2718 000:145.473   CPU_ReadMem(32 bytes @ 0xE0047FE0)
T2718 000:145.806   CPU_ReadMem(4 bytes @ 0xE0047FBC)
T2718 000:146.010   CPU_ReadMem(4 bytes @ 0xE0047FCC)
T2718 000:146.230   [0][1]: E0047000 CID B105900D PID 003BB908 DEVARCH 00000000 DEVTYPE 12 CSTF
T2718 000:146.238   CPU_ReadMem(32 bytes @ 0xE0048FE0)
T2718 000:146.579   CPU_ReadMem(4 bytes @ 0xE0048FBC)
T2718 000:146.787   CPU_ReadMem(4 bytes @ 0xE0048FCC)
T2718 000:146.982   [0][2]: E0048000 CID B105900D PID 001BB961 DEVARCH 00000000 DEVTYPE 21 TMC
T2718 000:146.991   CPU_ReadMem(32 bytes @ 0xE0049FE0)
T2718 000:147.333   [0][3]: E0049000 CID B105F00D PID 001BB101 TSG
T2718 000:147.341   CPU_ReadMem(32 bytes @ 0xE0040FE0)
T2718 000:147.754   CPU_ReadMem(4 bytes @ 0xE0040FBC)
T2718 000:147.953   CPU_ReadMem(4 bytes @ 0xE0040FCC)
T2718 000:148.154   [0][4]: E0040000 CID B105900D PID 000BBD21 DEVARCH 00000000 DEVTYPE 11 TPIU
T2718 000:148.162   CPU_ReadMem(32 bytes @ 0xE00FFFE0)
T2718 000:148.557   [0][5]: E00FF000 CID B105100D PID 000BB4C9 ROM Table
T2718 000:148.566   ROMTbl[1] @ E00FF000
T2718 000:148.574   CPU_ReadMem(64 bytes @ 0xE00FF000)
T2718 000:149.056   CPU_ReadMem(32 bytes @ 0xE000EFE0)
T2718 000:149.404   CPU_ReadMem(4 bytes @ 0xE000EFBC)
T2718 000:149.605   CPU_ReadMem(4 bytes @ 0xE000EFCC)
T2718 000:149.812   [1][0]: E000E000 CID B105900D PID 000BBD21 DEVARCH 47702A04 DEVTYPE 00 Cortex-M33
T2718 000:149.822   CPU_ReadMem(32 bytes @ 0xE0001FE0)
T2718 000:150.153   CPU_ReadMem(4 bytes @ 0xE0001FBC)
T2718 000:150.354   CPU_ReadMem(4 bytes @ 0xE0001FCC)
T2718 000:150.560   [1][1]: E0001000 CID B105900D PID 000BBD21 DEVARCH 47701A02 DEVTYPE 00 DWT
T2718 000:150.568   CPU_ReadMem(32 bytes @ 0xE0002FE0)
T2718 000:150.906   CPU_ReadMem(4 bytes @ 0xE0002FBC)
T2718 000:151.119   CPU_ReadMem(4 bytes @ 0xE0002FCC)
T2718 000:151.339   [1][2]: E0002000 CID B105900D PID 000BBD21 DEVARCH 47701A03 DEVTYPE 00 FPB
T2718 000:151.369   CPU_ReadMem(32 bytes @ 0xE0000FE0)
T2718 000:151.758   CPU_ReadMem(4 bytes @ 0xE0000FBC)
T2718 000:151.961   CPU_ReadMem(4 bytes @ 0xE0000FCC)
T2718 000:152.159   [1][3]: E0000000 CID B105900D PID 000BBD21 DEVARCH 47701A01 DEVTYPE 43 ITM
T2718 000:152.168   CPU_ReadMem(32 bytes @ 0xE0041FE0)
T2718 000:152.504   CPU_ReadMem(4 bytes @ 0xE0041FBC)
T2718 000:152.731   CPU_ReadMem(4 bytes @ 0xE0041FCC)
T2718 000:152.929   [1][5]: E0041000 CID B105900D PID 002BBD21 DEVARCH 47724A13 DEVTYPE 13 ETM
T2718 000:152.940   CPU_ReadMem(32 bytes @ 0xE0042FE0)
T2718 000:153.286   CPU_ReadMem(4 bytes @ 0xE0042FBC)
T2718 000:153.502   CPU_ReadMem(4 bytes @ 0xE0042FCC)
T2718 000:153.732   [1][6]: E0042000 CID B105900D PID 000BBD21 DEVARCH 47701A14 DEVTYPE 14 CSS600-CTI
T2718 000:153.770   CPU_ReadMem(4 bytes @ 0xE000EDF0)
T2718 000:153.964   Data:  01 00 10 01
T2718 000:153.972   Debug reg: DHCSR
T2718 000:153.981 - 25.539ms returns 0
T2718 000:154.012 JLINK_ReadMem(0x400E002C, 0x4 Bytes, ...)
T2718 000:154.020   CPU_ReadMem(4 bytes @ 0x400E002C)
T2718 000:154.264   Data:  01 00 00 00
T2718 000:154.276 - 0.264ms returns 0
T2718 000:154.297 JLINK_ReadMem(0xE000EDF0, 0x4 Bytes, ...)
T2718 000:154.304   CPU_ReadMem(4 bytes @ 0xE000EDF0)
T2718 000:154.509   Data:  01 00 10 01
T2718 000:154.518   Debug reg: DHCSR
T2718 000:154.526 - 0.228ms returns 0
T2718 000:154.546 JLINK_ReadMem(0xE000EDF0, 0x4 Bytes, ...)
T2718 000:154.552   CPU_ReadMem(4 bytes @ 0xE000EDF0)
T2718 000:154.760   Data:  01 00 10 01
T2718 000:154.769   Debug reg: DHCSR
T2718 000:154.776 - 0.230ms returns 0
T2718 000:154.783 JLINK_ReadMem(0x400E001C, 0x4 Bytes, ...)
T2718 000:154.789   CPU_ReadMem(4 bytes @ 0x400E001C)
T2718 000:154.980   Data:  00 FC FF 00
T2718 000:154.988 - 0.204ms returns 0
T2718 000:154.996 JLINK_ReadMem(0xE000EDF0, 0x4 Bytes, ...)
T2718 000:155.001   CPU_ReadMem(4 bytes @ 0xE000EDF0)
T2718 000:155.203   Data:  01 00 10 01
T2718 000:155.213   Debug reg: DHCSR
T2718 000:155.221 - 0.224ms returns 0
T2718 000:155.228 JLINK_ReadMem(0x400E0018, 0x4 Bytes, ...)
T2718 000:155.234   CPU_ReadMem(4 bytes @ 0x400E0018)
T2718 000:155.433   Data:  00 80 FF 00
T2718 000:155.444 - 0.215ms returns 0
T2718 000:155.453 JLINK_ReadMem(0xE000EDF0, 0x4 Bytes, ...)
T2718 000:155.459   CPU_ReadMem(4 bytes @ 0xE000EDF0)
T2718 000:155.658   Data:  01 00 10 01
T2718 000:155.667   Debug reg: DHCSR
T2718 000:155.674 - 0.221ms returns 0
T2718 000:155.681 JLINK_ReadMem(0x400E0020, 0x4 Bytes, ...)
T2718 000:155.687   CPU_ReadMem(4 bytes @ 0x400E0020)
T2718 000:155.902   Data:  00 FC 00 00
T2718 000:155.910 - 0.229ms returns 0
T2718 000:155.919 JLINK_ReadMem(0xE000EDF0, 0x4 Bytes, ...)
T2718 000:155.925   CPU_ReadMem(4 bytes @ 0xE000EDF0)
T2718 000:156.128   Data:  01 00 10 01
T2718 000:156.139   Debug reg: DHCSR
T2718 000:156.147 - 0.227ms returns 0
T2718 000:156.154 JLINK_ReadMem(0x400E0028, 0x4 Bytes, ...)
T2718 000:156.160   CPU_ReadMem(4 bytes @ 0x400E0028)
T2718 000:156.367   Data:  00 FC 1F 00
T2718 000:156.375 - 0.220ms returns 0
T2718 000:156.384 JLINK_ReadMem(0xE000EDF0, 0x4 Bytes, ...)
T2718 000:156.390   CPU_ReadMem(4 bytes @ 0xE000EDF0)
T2718 000:156.588   Data:  01 00 10 01
T2718 000:156.596   Debug reg: DHCSR
T2718 000:156.604 - 0.220ms returns 0
T2718 000:156.611 JLINK_ReadMem(0x400E0024, 0x4 Bytes, ...)
T2718 000:156.617   CPU_ReadMem(4 bytes @ 0x400E0024)
T2718 000:156.814   Data:  00 E0 1F 00
T2718 000:156.830 - 0.218ms returns 0
T2718 000:156.844 JLINK_ReadMem(0xE000EDF0, 0x4 Bytes, ...)
T2718 000:156.854   CPU_ReadMem(4 bytes @ 0xE000EDF0)
T2718 000:157.087   Data:  01 00 10 01
T2718 000:157.118   Debug reg: DHCSR
T2718 000:157.134 - 0.289ms returns 0
T2718 000:157.150 JLINK_ReadMem(0x400E002C, 0x4 Bytes, ...)
T2718 000:157.166   CPU_ReadMem(4 bytes @ 0x400E002C)
T2718 000:157.411   Data:  01 00 00 00
T2718 000:157.442 - 0.292ms returns 0
T2718 000:160.651 JLINK_Close()
T2718 000:174.352 - 13.701ms
T2718 000:174.373   
T2718 000:174.378   Closed
