T9AF4 000:000.935   SEGGER J-Link V8.12f Log File
T9AF4 000:001.081   DLL Compiled: Feb 12 2025 13:34:40
T9AF4 000:001.096   Logging started @ 2025-08-03 08:51
T9AF4 000:001.109   Process: C:\Users\a8456\.eclipse\com.renesas.platform_1713588285\DebugComp\RA\e2-server-gdb.exe
T9AF4 000:001.128 - 1.123ms 
T9AF4 000:001.149 JLINK_GetDLLVersion()
T9AF4 000:001.162 - 0.014ms returns 81206
T9AF4 000:003.106 JLINK_OpenEx(...)
T9AF4 000:009.046   Firmware: J-Link V9 compiled May  7 2021 16:26:12
T9AF4 000:009.508   Firmware: J-Link V9 compiled May  7 2021 16:26:12
T9AF4 000:009.648   Decompressing FW timestamp took 93 us
T9AF4 000:015.008   Hardware: V9.60
T9AF4 000:015.052   S/N: 69660718
T9AF4 000:015.072   OEM: SEGGER
T9AF4 000:015.182   Feature(s): RDI, GDB, FlashDL, FlashBP, JFlash
T9AF4 000:015.599   Bootloader: (FW returned invalid version)
T9AF4 000:016.288   TELNET listener socket opened on port 19021
T9AF4 000:016.420   WEBSRV WEBSRV_Init(): Starting webserver thread(s)
T9AF4 000:016.519   WEBSRV Webserver running on local port 19080
T9AF4 000:016.624   Looking for J-Link GUI Server exe at: C:\Users\a8456\.eclipse\com.renesas.platform_1713588285\DebugComp\RA\ARM\Segger_v8.12.6\JLinkGUIServer.exe
T9AF4 000:016.701   Looking for J-Link GUI Server exe at: C:\Program Files\SEGGER\JLink_V818\JLinkGUIServer.exe
T9AF4 000:016.726   Forking J-Link GUI Server: C:\Program Files\SEGGER\JLink_V818\JLinkGUIServer.exe
T9AF4 000:109.830   J-Link GUI Server info: "J-Link GUI server V8.18 "
T9AF4 000:113.819 - 110.709ms returns "O.K."
T9AF4 000:113.921 JLINK_ExecCommand("ProjectFile=C:\Users\a8456\e2_studio\workspace\RA4M2_MINI_Project17/RA4M2_MINI_Project17.elf.jlink", ...). 
T9AF4 000:135.339 - 21.418ms returns 0x00
T9AF4 000:135.572 JLINK_ExecCommand("device=R7FA4M2AD", ...). 
T9AF4 000:135.706   Flash bank @ 0x0100A100: SFL: Parsing sectorization info from ELF file
T9AF4 000:135.716     FlashDevice.SectorInfo[0]: .SectorSize = 0x00000010, .SectorStartAddr = 0x00000000
T9AF4 000:135.725   FlashBank @0x0100A100: Sectorization info from SFL ELF file ignored because sectorization override from DLL / XML file is active.
T9AF4 000:136.063   Flash bank @ 0x60000000: SFL: Parsing sectorization info from ELF file
T9AF4 000:136.094     FlashDevice.SectorInfo[0]: .SectorSize = 0x00010000, .SectorStartAddr = 0x00000000
T9AF4 000:139.646   Device "R7FA4M2AD" selected.
T9AF4 000:139.989 - 4.407ms returns 0x00
T9AF4 000:140.003 JLINK_TIF_GetAvailable(...)
T9AF4 000:140.125 - 0.122ms 
T9AF4 000:140.150 JLINK_TIF_Select(JLINKARM_TIF_SWD)
T9AF4 000:140.541 - 0.390ms returns 0x00
T9AF4 000:140.557 JLINK_SetSpeed(4000)
T9AF4 000:140.620 - 0.063ms 
T9AF4 000:140.645 JLINK_ReadMem(0xE000EDF0, 0x4 Bytes, ...)
T9AF4 000:140.784   ConfigTargetSettings() start
T9AF4 000:140.796    J-Link Script File: Executing ConfigTargetSettings()
T9AF4 000:140.804   Configuring FlashDLNoRMWThreshold=0x200 in order to make sure that option bytes programming is done via read-modify-write
T9AF4 000:146.471   ConfigTargetSettings() end - Took 5.67ms
T9AF4 000:146.487   InitTarget() start
T9AF4 000:146.495    J-Link Script File: Executing InitTarget()
T9AF4 000:146.502   SWD selected. Executing JTAG -> SWD switching sequence.
T9AF4 000:147.972   DAP initialized successfully.
T9AF4 000:147.985   Determining TrustZone configuration...
T9AF4 000:148.864     Secure Debug: Enabled (SSD)
T9AF4 000:148.881   Determining currently configured transfer type by reading the AHB-AP CSW register.
T9AF4 000:149.389     --> Correct transfer type configured. Done.
T9AF4 000:149.399   InitTarget() end - Took 2.90ms
T9AF4 000:149.859   Found SW-DP with ID 0x6BA02477
T9AF4 000:151.713   DPIDR: 0x6BA02477
T9AF4 000:151.728   CoreSight SoC-400 or earlier
T9AF4 000:151.762   Scanning AP map to find all available APs
T9AF4 000:152.394   AP[2]: Stopped AP scan as end of AP map has been reached
T9AF4 000:152.409   AP[0]: AHB-AP (IDR: 0x84770001, ADDR: 0x00000000)
T9AF4 000:152.417   AP[1]: APB-AP (IDR: 0x54770002, ADDR: 0x01000000)
T9AF4 000:152.426   Iterating through AP map to find AHB-AP to use
T9AF4 000:153.182   AP[0]: Core found
T9AF4 000:153.193   AP[0]: AHB-AP ROM base: 0xE00FE000
T9AF4 000:153.557   CPUID register: 0x410FD214. Implementer code: 0x41 (ARM)
T9AF4 000:153.568   Feature set: Mainline
T9AF4 000:153.930   Cache: No cache
T9AF4 000:153.942   Found Cortex-M33 r0p4, Little endian.
T9AF4 000:154.154   -- Max. mem block: 0x00010A88
T9AF4 000:154.611   
  ***** Warning: 
T9AF4 000:154.621   Cortex-M (ARMv8-M and later): The connected J-Link (S/N 69660718) uses an old firmware module that does not handle I/D-cache correctly. Proper debugging functionality cannot be guaranteed if cache is enabled
T9AF4 000:154.635   CPU_ReadMem(4 bytes @ 0xE000EDF0)
T9AF4 000:154.910   CPU_WriteMem(4 bytes @ 0xE000EDF0)
T9AF4 000:155.129   CPU_ReadMem(4 bytes @ 0xE0002000)
T9AF4 000:155.336   FPUnit: 8 code (BP) slots and 0 literal slots
T9AF4 000:155.346   CPU_ReadMem(4 bytes @ 0xE000EDFC)
T9AF4 000:155.558   CPU_WriteMem(4 bytes @ 0xE000EDFC)
T9AF4 000:155.801   CPU_ReadMem(4 bytes @ 0xE0001000)
T9AF4 000:156.008   CPU_ReadMem(4 bytes @ 0xE0001000)
T9AF4 000:156.209   CPU_ReadMem(4 bytes @ 0xE0001028)
T9AF4 000:156.431   CPU_ReadMem(4 bytes @ 0xE0001038)
T9AF4 000:156.710   CPU_ReadMem(4 bytes @ 0xE0001048)
T9AF4 000:156.971   CPU_ReadMem(4 bytes @ 0xE0001058)
T9AF4 000:157.184   CPU_WriteMem(4 bytes @ 0xE0001000)
T9AF4 000:157.437   CPU_ReadMem(4 bytes @ 0xE000ED88)
T9AF4 000:157.721   CPU_WriteMem(4 bytes @ 0xE000ED88)
T9AF4 000:157.960   CPU_ReadMem(4 bytes @ 0xE000ED88)
T9AF4 000:158.225   CPU_WriteMem(4 bytes @ 0xE000ED88)
T9AF4 000:158.475   CPU_ReadMem(4 bytes @ 0xE000EFB8)
T9AF4 000:158.711   Security extension: implemented
T9AF4 000:158.720   Secure debug: enabled
T9AF4 000:158.728   CoreSight components:
T9AF4 000:158.736   ROMTbl[0] @ E00FE000
T9AF4 000:158.745   CPU_ReadMem(64 bytes @ 0xE00FE000)
T9AF4 000:159.271   CPU_ReadMem(32 bytes @ 0xE0044FE0)
T9AF4 000:159.637   CPU_ReadMem(4 bytes @ 0xE0044FBC)
T9AF4 000:159.888   CPU_ReadMem(4 bytes @ 0xE0044FCC)
T9AF4 000:160.109   [0][0]: E0044000 CID B105900D PID 005BB906 DEVARCH 00000000 DEVTYPE 14 CTI (?)
T9AF4 000:160.118   CPU_ReadMem(32 bytes @ 0xE0047FE0)
T9AF4 000:160.484   CPU_ReadMem(4 bytes @ 0xE0047FBC)
T9AF4 000:160.712   CPU_ReadMem(4 bytes @ 0xE0047FCC)
T9AF4 000:160.944   [0][1]: E0047000 CID B105900D PID 003BB908 DEVARCH 00000000 DEVTYPE 12 CSTF
T9AF4 000:160.960   CPU_ReadMem(32 bytes @ 0xE0048FE0)
T9AF4 000:161.321   CPU_ReadMem(4 bytes @ 0xE0048FBC)
T9AF4 000:161.529   CPU_ReadMem(4 bytes @ 0xE0048FCC)
T9AF4 000:161.760   [0][2]: E0048000 CID B105900D PID 001BB961 DEVARCH 00000000 DEVTYPE 21 TMC
T9AF4 000:161.770   CPU_ReadMem(32 bytes @ 0xE0049FE0)
T9AF4 000:162.126   [0][3]: E0049000 CID B105F00D PID 001BB101 TSG
T9AF4 000:162.135   CPU_ReadMem(32 bytes @ 0xE0040FE0)
T9AF4 000:162.491   CPU_ReadMem(4 bytes @ 0xE0040FBC)
T9AF4 000:162.735   CPU_ReadMem(4 bytes @ 0xE0040FCC)
T9AF4 000:162.951   [0][4]: E0040000 CID B105900D PID 000BBD21 DEVARCH 00000000 DEVTYPE 11 TPIU
T9AF4 000:162.960   CPU_ReadMem(32 bytes @ 0xE00FFFE0)
T9AF4 000:163.326   [0][5]: E00FF000 CID B105100D PID 000BB4C9 ROM Table
T9AF4 000:163.342   ROMTbl[1] @ E00FF000
T9AF4 000:163.351   CPU_ReadMem(64 bytes @ 0xE00FF000)
T9AF4 000:163.893   CPU_ReadMem(32 bytes @ 0xE000EFE0)
T9AF4 000:164.260   CPU_ReadMem(4 bytes @ 0xE000EFBC)
T9AF4 000:164.518   CPU_ReadMem(4 bytes @ 0xE000EFCC)
T9AF4 000:164.767   [1][0]: E000E000 CID B105900D PID 000BBD21 DEVARCH 47702A04 DEVTYPE 00 Cortex-M33
T9AF4 000:164.776   CPU_ReadMem(32 bytes @ 0xE0001FE0)
T9AF4 000:165.150   CPU_ReadMem(4 bytes @ 0xE0001FBC)
T9AF4 000:165.370   CPU_ReadMem(4 bytes @ 0xE0001FCC)
T9AF4 000:165.586   [1][1]: E0001000 CID B105900D PID 000BBD21 DEVARCH 47701A02 DEVTYPE 00 DWT
T9AF4 000:165.595   CPU_ReadMem(32 bytes @ 0xE0002FE0)
T9AF4 000:165.955   CPU_ReadMem(4 bytes @ 0xE0002FBC)
T9AF4 000:166.187   CPU_ReadMem(4 bytes @ 0xE0002FCC)
T9AF4 000:166.420   [1][2]: E0002000 CID B105900D PID 000BBD21 DEVARCH 47701A03 DEVTYPE 00 FPB
T9AF4 000:166.476   CPU_ReadMem(32 bytes @ 0xE0000FE0)
T9AF4 000:166.878   CPU_ReadMem(4 bytes @ 0xE0000FBC)
T9AF4 000:167.091   CPU_ReadMem(4 bytes @ 0xE0000FCC)
T9AF4 000:167.339   [1][3]: E0000000 CID B105900D PID 000BBD21 DEVARCH 47701A01 DEVTYPE 43 ITM
T9AF4 000:167.348   CPU_ReadMem(32 bytes @ 0xE0041FE0)
T9AF4 000:167.729   CPU_ReadMem(4 bytes @ 0xE0041FBC)
T9AF4 000:167.936   CPU_ReadMem(4 bytes @ 0xE0041FCC)
T9AF4 000:168.148   [1][5]: E0041000 CID B105900D PID 002BBD21 DEVARCH 47724A13 DEVTYPE 13 ETM
T9AF4 000:168.157   CPU_ReadMem(32 bytes @ 0xE0042FE0)
T9AF4 000:168.510   CPU_ReadMem(4 bytes @ 0xE0042FBC)
T9AF4 000:168.726   CPU_ReadMem(4 bytes @ 0xE0042FCC)
T9AF4 000:168.937   [1][6]: E0042000 CID B105900D PID 000BBD21 DEVARCH 47701A14 DEVTYPE 14 CSS600-CTI
T9AF4 000:168.986   CPU_ReadMem(4 bytes @ 0xE000EDF0)
T9AF4 000:169.217   Data:  01 00 10 01
T9AF4 000:169.230   Debug reg: DHCSR
T9AF4 000:169.239 - 28.594ms returns 0
T9AF4 000:169.280 JLINK_ReadMem(0x400E002C, 0x4 Bytes, ...)
T9AF4 000:169.290   CPU_ReadMem(4 bytes @ 0x400E002C)
T9AF4 000:169.513   Data:  01 00 00 00
T9AF4 000:169.521 - 0.241ms returns 0
T9AF4 000:169.553 JLINK_ReadMem(0xE000EDF0, 0x4 Bytes, ...)
T9AF4 000:169.560   CPU_ReadMem(4 bytes @ 0xE000EDF0)
T9AF4 000:169.759   Data:  01 00 10 01
T9AF4 000:169.768   Debug reg: DHCSR
T9AF4 000:169.776 - 0.222ms returns 0
T9AF4 000:169.799 JLINK_ReadMem(0xE000EDF0, 0x4 Bytes, ...)
T9AF4 000:169.806   CPU_ReadMem(4 bytes @ 0xE000EDF0)
T9AF4 000:170.013   Data:  01 00 10 01
T9AF4 000:170.026   Debug reg: DHCSR
T9AF4 000:170.034 - 0.234ms returns 0
T9AF4 000:170.044 JLINK_ReadMem(0x400E001C, 0x4 Bytes, ...)
T9AF4 000:170.052   CPU_ReadMem(4 bytes @ 0x400E001C)
T9AF4 000:170.273   Data:  00 FC FF 00
T9AF4 000:170.283 - 0.238ms returns 0
T9AF4 000:170.294 JLINK_ReadMem(0xE000EDF0, 0x4 Bytes, ...)
T9AF4 000:170.301   CPU_ReadMem(4 bytes @ 0xE000EDF0)
T9AF4 000:170.515   Data:  01 00 10 01
T9AF4 000:170.530   Debug reg: DHCSR
T9AF4 000:170.540 - 0.245ms returns 0
T9AF4 000:170.549 JLINK_ReadMem(0x400E0018, 0x4 Bytes, ...)
T9AF4 000:170.558   CPU_ReadMem(4 bytes @ 0x400E0018)
T9AF4 000:170.816   Data:  00 80 FF 00
T9AF4 000:170.827 - 0.278ms returns 0
T9AF4 000:170.839 JLINK_ReadMem(0xE000EDF0, 0x4 Bytes, ...)
T9AF4 000:170.846   CPU_ReadMem(4 bytes @ 0xE000EDF0)
T9AF4 000:171.062   Data:  01 00 10 01
T9AF4 000:171.070   Debug reg: DHCSR
T9AF4 000:171.078 - 0.239ms returns 0
T9AF4 000:171.086 JLINK_ReadMem(0x400E0020, 0x4 Bytes, ...)
T9AF4 000:171.092   CPU_ReadMem(4 bytes @ 0x400E0020)
T9AF4 000:171.316   Data:  00 FC 00 00
T9AF4 000:171.329 - 0.243ms returns 0
T9AF4 000:171.341 JLINK_ReadMem(0xE000EDF0, 0x4 Bytes, ...)
T9AF4 000:171.350   CPU_ReadMem(4 bytes @ 0xE000EDF0)
T9AF4 000:171.561   Data:  01 00 10 01
T9AF4 000:171.570   Debug reg: DHCSR
T9AF4 000:171.578 - 0.237ms returns 0
T9AF4 000:171.586 JLINK_ReadMem(0x400E0028, 0x4 Bytes, ...)
T9AF4 000:171.592   CPU_ReadMem(4 bytes @ 0x400E0028)
T9AF4 000:171.797   Data:  00 FC 1F 00
T9AF4 000:171.806 - 0.220ms returns 0
T9AF4 000:171.814 JLINK_ReadMem(0xE000EDF0, 0x4 Bytes, ...)
T9AF4 000:171.820   CPU_ReadMem(4 bytes @ 0xE000EDF0)
T9AF4 000:172.061   Data:  01 00 10 01
T9AF4 000:172.069   Debug reg: DHCSR
T9AF4 000:172.077 - 0.263ms returns 0
T9AF4 000:172.084 JLINK_ReadMem(0x400E0024, 0x4 Bytes, ...)
T9AF4 000:172.090   CPU_ReadMem(4 bytes @ 0x400E0024)
T9AF4 000:172.314   Data:  00 E0 1F 00
T9AF4 000:172.323 - 0.238ms returns 0
T9AF4 000:172.331 JLINK_ReadMem(0xE000EDF0, 0x4 Bytes, ...)
T9AF4 000:172.337   CPU_ReadMem(4 bytes @ 0xE000EDF0)
T9AF4 000:172.562   Data:  01 00 10 01
T9AF4 000:172.570   Debug reg: DHCSR
T9AF4 000:172.578 - 0.246ms returns 0
T9AF4 000:172.585 JLINK_ReadMem(0x400E002C, 0x4 Bytes, ...)
T9AF4 000:172.591   CPU_ReadMem(4 bytes @ 0x400E002C)
T9AF4 000:172.799   Data:  01 00 00 00
T9AF4 000:172.812 - 0.226ms returns 0
T9AF4 000:183.547 JLINK_Close()
T9AF4 000:197.433 - 13.884ms
T9AF4 000:197.456   
T9AF4 000:197.462   Closed
